INFO 2024-03-09 18:27:10,108 Watching for file changes with StatReloader
INFO 2024-03-09 18:27:13,099 "GET / HTTP/1.1" 302 0
INFO 2024-03-09 18:27:13,288 "GET /accounts/login/ HTTP/1.1" 200 3819
INFO 2024-03-09 18:27:13,800 "GET /static/plugins/fontawesome-free/css/all.min.css HTTP/1.1" 200 58582
INFO 2024-03-09 18:27:13,814 "GET /static/dist/css/login-page.css HTTP/1.1" 200 9064
INFO 2024-03-09 18:27:13,836 "GET /static/dist/css/adminlte.min.css HTTP/1.1" 200 686718
INFO 2024-03-09 18:27:13,874 "GET /static/plugins/toastr/toastr.min.css HTTP/1.1" 200 6454
INFO 2024-03-09 18:27:13,877 "GET /static/plugins/overlayScrollbars/css/OverlayScrollbars.min.css HTTP/1.1" 200 19736
INFO 2024-03-09 18:27:13,878 "GET /static/dist/img/login.png HTTP/1.1" 200 48197
INFO 2024-03-09 18:27:13,905 "GET /static/dist/js/jquery.formset.js HTTP/1.1" 200 13881
INFO 2024-03-09 18:27:13,929 "GET /static/dist/js/adminlte.js HTTP/1.1" 200 59416
INFO 2024-03-09 18:27:13,931 "GET /static/plugins/toastr/toastr.min.js HTTP/1.1" 200 5253
INFO 2024-03-09 18:27:13,950 "GET /static/plugins/bootstrap/js/bootstrap.bundle.min.js HTTP/1.1" 200 80704
INFO 2024-03-09 18:27:13,954 "GET /static/plugins/overlayScrollbars/js/jquery.overlayScrollbars.min.js HTTP/1.1" 200 42395
INFO 2024-03-09 18:27:13,967 "GET /static/plugins/jquery/jquery.min.js HTTP/1.1" 200 88147
INFO 2024-03-09 18:27:14,009 "GET /static/dist/js/demo.js HTTP/1.1" 200 13042
INFO 2024-03-09 18:27:14,174 "GET /static/plugins/fontawesome-free/webfonts/fa-solid-900.woff2 HTTP/1.1" 200 79444
INFO 2024-03-09 18:27:14,341 "GET /favicon.ico HTTP/1.1" 302 0
INFO 2024-03-09 18:27:14,360 "GET /accounts/login/ HTTP/1.1" 200 3819
INFO 2024-03-09 18:27:22,720 "POST /accounts/login/ HTTP/1.1" 302 0
INFO 2024-03-09 18:27:22,940 "GET / HTTP/1.1" 200 13655
INFO 2024-03-09 18:27:23,259 "GET /static/plugins/Datatables/datatables.min.css HTTP/1.1" 200 25807
INFO 2024-03-09 18:27:23,545 "GET /static/plugins/fontawesome-free/webfonts/fa-regular-400.woff2 HTTP/1.1" 200 13584
INFO 2024-03-09 18:27:24,264 "GET /static/plugins/Datatables/datatables.min.js HTTP/1.1" 200 2042927
INFO 2024-03-09 18:27:33,891 "GET /subject/list/ HTTP/1.1" 200 12093
INFO 2024-03-09 18:27:44,902 "POST /subject/create/ HTTP/1.1" 302 0
INFO 2024-03-09 18:27:45,010 "GET /subject/list/ HTTP/1.1" 200 12520
INFO 2024-03-09 18:27:58,271 "POST /subject/create/ HTTP/1.1" 302 0
INFO 2024-03-09 18:27:58,375 "GET /subject/list/ HTTP/1.1" 200 12804
INFO 2024-03-09 18:27:58,529 "GET /static/plugins/toastr/toastr.min.css HTTP/1.1" 304 0
INFO 2024-03-09 18:27:58,530 "GET /static/dist/css/adminlte.min.css HTTP/1.1" 304 0
INFO 2024-03-09 18:27:58,532 "GET /static/dist/js/jquery.formset.js HTTP/1.1" 304 0
INFO 2024-03-09 18:27:58,533 "GET /static/plugins/jquery/jquery.min.js HTTP/1.1" 304 0
INFO 2024-03-09 18:27:58,537 "GET /static/plugins/fontawesome-free/css/all.min.css HTTP/1.1" 304 0
INFO 2024-03-09 18:27:58,538 "GET /static/plugins/overlayScrollbars/css/OverlayScrollbars.min.css HTTP/1.1" 304 0
INFO 2024-03-09 18:27:58,555 "GET /static/plugins/bootstrap/js/bootstrap.bundle.min.js HTTP/1.1" 304 0
INFO 2024-03-09 18:27:58,557 "GET /static/plugins/overlayScrollbars/js/jquery.overlayScrollbars.min.js HTTP/1.1" 304 0
INFO 2024-03-09 18:27:58,558 "GET /static/dist/js/demo.js HTTP/1.1" 304 0
INFO 2024-03-09 18:27:58,560 "GET /static/dist/js/adminlte.js HTTP/1.1" 304 0
INFO 2024-03-09 18:27:58,563 "GET /static/plugins/toastr/toastr.min.js HTTP/1.1" 304 0
INFO 2024-03-09 18:28:02,752 "GET /book/list/ HTTP/1.1" 200 11783
INFO 2024-03-09 18:28:02,858 "GET /static/plugins/Datatables/datatables.min.css HTTP/1.1" 304 0
INFO 2024-03-09 18:28:02,859 "GET /static/plugins/Datatables/datatables.min.js HTTP/1.1" 304 0
INFO 2024-03-09 18:28:19,098 "POST /book/create/ HTTP/1.1" 302 0
INFO 2024-03-09 18:28:19,199 "GET /book/list/ HTTP/1.1" 200 12201
INFO 2024-03-09 18:28:24,586 "POST /book/create/ HTTP/1.1" 302 0
INFO 2024-03-09 18:28:24,684 "GET /book/list/ HTTP/1.1" 200 12479
INFO 2024-03-09 18:28:30,682 "GET /exam/list/ HTTP/1.1" 200 12427
INFO 2024-03-09 18:28:51,374 "POST /exam/create/ HTTP/1.1" 302 0
INFO 2024-03-09 18:28:51,477 "GET /exam/list/ HTTP/1.1" 200 12847
INFO 2024-03-09 18:28:51,611 "GET /static/plugins/fontawesome-free/css/all.min.css HTTP/1.1" 304 0
INFO 2024-03-09 18:28:51,634 "GET /static/plugins/toastr/toastr.min.css HTTP/1.1" 304 0
INFO 2024-03-09 18:28:51,636 "GET /static/plugins/jquery/jquery.min.js HTTP/1.1" 304 0
INFO 2024-03-09 18:28:51,638 "GET /static/dist/css/adminlte.min.css HTTP/1.1" 304 0
INFO 2024-03-09 18:28:51,638 "GET /static/plugins/Datatables/datatables.min.css HTTP/1.1" 304 0
INFO 2024-03-09 18:28:51,649 "GET /static/dist/js/jquery.formset.js HTTP/1.1" 304 0
INFO 2024-03-09 18:28:51,650 "GET /static/plugins/overlayScrollbars/css/OverlayScrollbars.min.css HTTP/1.1" 304 0
INFO 2024-03-09 18:28:51,670 "GET /static/plugins/toastr/toastr.min.js HTTP/1.1" 304 0
INFO 2024-03-09 18:28:51,674 "GET /static/plugins/overlayScrollbars/js/jquery.overlayScrollbars.min.js HTTP/1.1" 304 0
INFO 2024-03-09 18:28:51,675 "GET /static/dist/js/demo.js HTTP/1.1" 304 0
INFO 2024-03-09 18:28:51,675 "GET /static/plugins/bootstrap/js/bootstrap.bundle.min.js HTTP/1.1" 304 0
INFO 2024-03-09 18:28:51,676 "GET /static/dist/js/adminlte.js HTTP/1.1" 304 0
INFO 2024-03-09 18:28:51,681 "GET /static/plugins/Datatables/datatables.min.js HTTP/1.1" 304 0
INFO 2024-03-09 18:28:56,487 "GET /time/list/ HTTP/1.1" 200 11828
INFO 2024-03-09 18:29:02,145 "POST /time/create/ HTTP/1.1" 302 0
INFO 2024-03-09 18:29:02,237 "GET /time/list/ HTTP/1.1" 200 12251
INFO 2024-03-09 18:29:06,530 "GET /staff/list/ HTTP/1.1" 200 10746
INFO 2024-03-09 18:29:08,716 "GET /staff/create/ HTTP/1.1" 200 18353
INFO 2024-03-09 18:30:34,032 "POST /staff/create/ HTTP/1.1" 302 0
INFO 2024-03-09 18:30:34,133 "GET /staff/1/ HTTP/1.1" 200 15453
INFO 2024-03-09 18:30:34,229 "GET /static/plugins/fontawesome-free/css/all.min.css HTTP/1.1" 304 0
INFO 2024-03-09 18:30:34,230 "GET /static/plugins/Datatables/datatables.min.css HTTP/1.1" 304 0
INFO 2024-03-09 18:30:34,230 "GET /static/plugins/toastr/toastr.min.css HTTP/1.1" 304 0
INFO 2024-03-09 18:30:34,230 "GET /static/plugins/overlayScrollbars/css/OverlayScrollbars.min.css HTTP/1.1" 304 0
INFO 2024-03-09 18:30:34,232 "GET /static/dist/css/adminlte.min.css HTTP/1.1" 304 0
INFO 2024-03-09 18:30:34,241 "GET /static/plugins/jquery/jquery.min.js HTTP/1.1" 304 0
INFO 2024-03-09 18:30:34,242 "GET /static/dist/img/avatar.png HTTP/1.1" 200 8543
INFO 2024-03-09 18:30:34,274 "GET /static/plugins/toastr/toastr.min.js HTTP/1.1" 304 0
INFO 2024-03-09 18:30:34,276 "GET /static/plugins/bootstrap/js/bootstrap.bundle.min.js HTTP/1.1" 304 0
INFO 2024-03-09 18:30:34,276 "GET /static/plugins/overlayScrollbars/js/jquery.overlayScrollbars.min.js HTTP/1.1" 304 0
INFO 2024-03-09 18:30:34,276 "GET /static/dist/js/jquery.formset.js HTTP/1.1" 304 0
INFO 2024-03-09 18:30:34,277 "GET /static/dist/js/demo.js HTTP/1.1" 304 0
INFO 2024-03-09 18:30:34,277 "GET /static/dist/js/adminlte.js HTTP/1.1" 304 0
INFO 2024-03-09 18:30:34,284 "GET /static/plugins/Datatables/datatables.min.js HTTP/1.1" 304 0
INFO 2024-03-09 18:30:41,166 "GET /batches/ HTTP/1.1" 200 10881
INFO 2024-03-09 18:30:43,469 "GET /batches/create/ HTTP/1.1" 200 12945
INFO 2024-03-09 18:31:01,177 "POST /batches/create/ HTTP/1.1" 302 0
INFO 2024-03-09 18:31:01,640 "GET /batches/1/ HTTP/1.1" 200 15441
INFO 2024-03-09 18:31:05,130 "GET /course/ HTTP/1.1" 200 10734
INFO 2024-03-09 18:31:07,306 "GET /course/create/ HTTP/1.1" 200 12129
INFO 2024-03-09 18:31:21,976 "POST /course/create/ HTTP/1.1" 302 0
INFO 2024-03-09 18:31:22,117 "GET /course/ HTTP/1.1" 200 10934
INFO 2024-03-09 18:31:38,792 "GET /batches/ HTTP/1.1" 200 11188
INFO 2024-03-09 18:31:38,921 "GET /static/plugins/fontawesome-free/css/all.min.css HTTP/1.1" 304 0
INFO 2024-03-09 18:31:38,948 "GET /static/plugins/toastr/toastr.min.css HTTP/1.1" 304 0
INFO 2024-03-09 18:31:38,950 "GET /static/plugins/overlayScrollbars/css/OverlayScrollbars.min.css HTTP/1.1" 304 0
INFO 2024-03-09 18:31:38,957 "GET /static/plugins/Datatables/datatables.min.css HTTP/1.1" 304 0
INFO 2024-03-09 18:31:38,961 "GET /static/plugins/jquery/jquery.min.js HTTP/1.1" 304 0
INFO 2024-03-09 18:31:38,962 "GET /static/dist/css/adminlte.min.css HTTP/1.1" 304 0
INFO 2024-03-09 18:31:38,964 "GET /static/dist/js/jquery.formset.js HTTP/1.1" 304 0
INFO 2024-03-09 18:31:38,981 "GET /static/plugins/toastr/toastr.min.js HTTP/1.1" 304 0
INFO 2024-03-09 18:31:38,982 "GET /static/plugins/bootstrap/js/bootstrap.bundle.min.js HTTP/1.1" 304 0
INFO 2024-03-09 18:31:38,984 "GET /static/plugins/overlayScrollbars/js/jquery.overlayScrollbars.min.js HTTP/1.1" 304 0
INFO 2024-03-09 18:31:38,987 "GET /static/dist/js/adminlte.js HTTP/1.1" 304 0
INFO 2024-03-09 18:31:38,990 "GET /static/dist/js/demo.js HTTP/1.1" 304 0
INFO 2024-03-09 18:31:38,991 "GET /static/plugins/Datatables/datatables.min.js HTTP/1.1" 304 0
INFO 2024-03-09 18:31:40,259 "GET /course/ HTTP/1.1" 200 10934
INFO 2024-03-09 18:31:41,814 "GET /staff/list/ HTTP/1.1" 200 10977
INFO 2024-03-09 18:31:43,462 "GET /student/ HTTP/1.1" 200 14691
INFO 2024-03-09 18:31:46,574 "GET /enquiry/list HTTP/1.1" 200 10832
INFO 2024-03-09 18:31:48,887 "GET /enquiry/create/ HTTP/1.1" 200 23407
INFO 2024-03-09 18:36:05,383 "POST /enquiry/create/ HTTP/1.1" 302 0
INFO 2024-03-09 18:36:05,765 "GET /enquiry/1/ HTTP/1.1" 200 13067
INFO 2024-03-09 18:36:05,896 "GET /static/plugins/fontawesome-free/css/all.min.css HTTP/1.1" 304 0
INFO 2024-03-09 18:36:05,896 "GET /static/dist/css/adminlte.min.css HTTP/1.1" 304 0
INFO 2024-03-09 18:36:05,899 "GET /static/plugins/Datatables/datatables.min.css HTTP/1.1" 304 0
INFO 2024-03-09 18:36:05,900 "GET /static/plugins/toastr/toastr.min.css HTTP/1.1" 304 0
INFO 2024-03-09 18:36:05,900 "GET /static/plugins/overlayScrollbars/css/OverlayScrollbars.min.css HTTP/1.1" 304 0
INFO 2024-03-09 18:36:05,902 "GET /static/dist/img/avatar.png HTTP/1.1" 304 0
INFO 2024-03-09 18:36:05,915 "GET /static/plugins/jquery/jquery.min.js HTTP/1.1" 304 0
INFO 2024-03-09 18:36:06,032 "GET /static/dist/js/jquery.formset.js HTTP/1.1" 304 0
INFO 2024-03-09 18:36:06,032 "GET /static/plugins/overlayScrollbars/js/jquery.overlayScrollbars.min.js HTTP/1.1" 304 0
INFO 2024-03-09 18:36:06,034 "GET /static/plugins/bootstrap/js/bootstrap.bundle.min.js HTTP/1.1" 304 0
INFO 2024-03-09 18:36:06,038 "GET /static/plugins/toastr/toastr.min.js HTTP/1.1" 304 0
INFO 2024-03-09 18:36:06,048 "GET /static/dist/js/adminlte.js HTTP/1.1" 304 0
INFO 2024-03-09 18:36:06,050 "GET /static/dist/js/demo.js HTTP/1.1" 304 0
INFO 2024-03-09 18:36:06,058 "GET /static/plugins/Datatables/datatables.min.js HTTP/1.1" 304 0
INFO 2024-03-09 18:36:07,946 "GET /staff/1/ HTTP/1.1" 200 15310
INFO 2024-03-09 18:36:11,009 "GET /enquiry/1/ HTTP/1.1" 200 12921
INFO 2024-03-09 18:36:14,508 "GET /enquiry/1/histroy HTTP/1.1" 200 11766
INFO 2024-03-09 18:36:18,683 "GET /staff/list/ HTTP/1.1" 200 10977
INFO 2024-03-09 18:36:19,915 "GET /student/ HTTP/1.1" 200 14691
INFO 2024-03-09 18:36:22,592 "GET /student/select_enquiry/ HTTP/1.1" 200 11797
INFO 2024-03-09 18:36:26,911 "POST /student/select_enquiry/ HTTP/1.1" 302 0
INFO 2024-03-09 18:36:27,754 "GET /student/create/1/ HTTP/1.1" 200 19456
INFO 2024-03-09 18:37:08,244 "POST /student/create/1/ HTTP/1.1" 302 0
INFO 2024-03-09 18:37:08,745 "GET /student/1/ HTTP/1.1" 200 13811
INFO 2024-03-09 18:37:15,600 "GET /student/1/update/ HTTP/1.1" 200 19598
INFO 2024-03-09 18:37:20,703 "POST /student/1/update/ HTTP/1.1" 302 0
INFO 2024-03-09 18:37:21,191 "GET /student/1/ HTTP/1.1" 200 13808
INFO 2024-03-09 18:37:28,317 "GET /student/1/ HTTP/1.1" 200 13665
INFO 2024-03-09 18:37:30,127 "GET /student/ HTTP/1.1" 200 14691
INFO 2024-03-09 18:37:33,511 "GET / HTTP/1.1" 200 13661
INFO 2024-03-09 18:37:52,332 "GET /student/ HTTP/1.1" 200 14691
INFO 2024-03-09 18:37:52,435 "GET /static/plugins/fontawesome-free/css/all.min.css HTTP/1.1" 304 0
INFO 2024-03-09 18:37:52,453 "GET /static/plugins/Datatables/datatables.min.css HTTP/1.1" 304 0
INFO 2024-03-09 18:37:52,455 "GET /static/plugins/toastr/toastr.min.css HTTP/1.1" 304 0
INFO 2024-03-09 18:37:52,455 "GET /static/plugins/overlayScrollbars/css/OverlayScrollbars.min.css HTTP/1.1" 304 0
INFO 2024-03-09 18:37:52,456 "GET /static/dist/css/adminlte.min.css HTTP/1.1" 304 0
INFO 2024-03-09 18:37:52,570 "GET /static/plugins/bootstrap/js/bootstrap.bundle.min.js HTTP/1.1" 304 0
INFO 2024-03-09 18:37:52,571 "GET /static/plugins/jquery/jquery.min.js HTTP/1.1" 304 0
INFO 2024-03-09 18:37:52,571 "GET /static/dist/js/jquery.formset.js HTTP/1.1" 304 0
INFO 2024-03-09 18:37:52,572 "GET /static/plugins/overlayScrollbars/js/jquery.overlayScrollbars.min.js HTTP/1.1" 304 0
INFO 2024-03-09 18:37:52,573 "GET /static/plugins/toastr/toastr.min.js HTTP/1.1" 304 0
INFO 2024-03-09 18:37:52,576 "GET /static/dist/js/adminlte.js HTTP/1.1" 304 0
INFO 2024-03-09 18:37:52,592 "GET /static/dist/js/demo.js HTTP/1.1" 304 0
INFO 2024-03-09 18:37:52,593 "GET /static/plugins/Datatables/datatables.min.js HTTP/1.1" 304 0
INFO 2024-03-09 18:37:57,568 "GET /student/list HTTP/1.1" 200 11014
INFO 2024-03-09 18:37:59,088 "GET /student/1/ HTTP/1.1" 200 13665
INFO 2024-03-09 18:37:59,135 "GET /static/dist/img/avatar.png HTTP/1.1" 304 0
INFO 2024-03-09 18:38:01,172 "GET /student/1/update/ HTTP/1.1" 200 19599
INFO 2024-03-09 18:43:57,804 "GET /student/ HTTP/1.1" 200 14691
INFO 2024-03-09 18:43:57,921 "GET /static/plugins/fontawesome-free/css/all.min.css HTTP/1.1" 304 0
INFO 2024-03-09 18:43:57,945 "GET /static/plugins/toastr/toastr.min.css HTTP/1.1" 304 0
INFO 2024-03-09 18:43:57,946 "GET /static/plugins/overlayScrollbars/css/OverlayScrollbars.min.css HTTP/1.1" 304 0
INFO 2024-03-09 18:43:57,948 "GET /static/plugins/Datatables/datatables.min.css HTTP/1.1" 304 0
INFO 2024-03-09 18:43:57,953 "GET /static/dist/css/adminlte.min.css HTTP/1.1" 304 0
INFO 2024-03-09 18:43:58,103 "GET /static/plugins/jquery/jquery.min.js HTTP/1.1" 304 0
INFO 2024-03-09 18:43:58,104 "GET /static/plugins/toastr/toastr.min.js HTTP/1.1" 304 0
INFO 2024-03-09 18:43:58,105 "GET /static/dist/js/jquery.formset.js HTTP/1.1" 304 0
INFO 2024-03-09 18:43:58,106 "GET /static/dist/js/adminlte.js HTTP/1.1" 304 0
INFO 2024-03-09 18:43:58,106 "GET /static/plugins/overlayScrollbars/js/jquery.overlayScrollbars.min.js HTTP/1.1" 304 0
INFO 2024-03-09 18:43:58,107 "GET /static/plugins/bootstrap/js/bootstrap.bundle.min.js HTTP/1.1" 304 0
INFO 2024-03-09 18:43:58,117 "GET /static/plugins/Datatables/datatables.min.js HTTP/1.1" 304 0
INFO 2024-03-09 18:43:58,118 "GET /static/dist/js/demo.js HTTP/1.1" 304 0
INFO 2024-03-09 18:43:58,194 "GET /static/plugins/fontawesome-free/webfonts/fa-regular-400.woff2 HTTP/1.1" 304 0
INFO 2024-03-09 18:43:58,194 "GET /static/plugins/fontawesome-free/webfonts/fa-solid-900.woff2 HTTP/1.1" 304 0
INFO 2024-03-09 18:44:01,521 "GET / HTTP/1.1" 200 13661
INFO 2024-03-09 18:44:05,046 "GET /student/ HTTP/1.1" 200 14691
INFO 2024-03-09 18:44:07,641 "GET /student/list HTTP/1.1" 200 11014
INFO 2024-03-09 18:44:09,453 "GET /student/1/ HTTP/1.1" 200 13665
INFO 2024-03-09 18:44:09,548 "GET /static/dist/img/avatar.png HTTP/1.1" 304 0
INFO 2024-03-09 18:52:24,084 "GET /finance/1/detail/ HTTP/1.1" 200 11742
INFO 2024-03-09 18:52:24,267 "GET /static/plugins/fontawesome-free/css/all.min.css HTTP/1.1" 304 0
INFO 2024-03-09 18:52:24,287 "GET /static/plugins/overlayScrollbars/css/OverlayScrollbars.min.css HTTP/1.1" 304 0
INFO 2024-03-09 18:52:24,289 "GET /static/dist/js/jquery.formset.js HTTP/1.1" 304 0
INFO 2024-03-09 18:52:24,289 "GET /static/plugins/toastr/toastr.min.css HTTP/1.1" 304 0
INFO 2024-03-09 18:52:24,294 "GET /static/plugins/Datatables/datatables.min.css HTTP/1.1" 304 0
INFO 2024-03-09 18:52:24,298 "GET /static/plugins/bootstrap/js/bootstrap.bundle.min.js HTTP/1.1" 304 0
INFO 2024-03-09 18:52:24,298 "GET /static/dist/css/adminlte.min.css HTTP/1.1" 304 0
INFO 2024-03-09 18:52:24,299 "GET /static/plugins/toastr/toastr.min.js HTTP/1.1" 304 0
INFO 2024-03-09 18:52:24,299 "GET /static/dist/js/adminlte.js HTTP/1.1" 304 0
INFO 2024-03-09 18:52:24,300 "GET /static/plugins/jquery/jquery.min.js HTTP/1.1" 304 0
INFO 2024-03-09 18:52:24,300 "GET /static/plugins/overlayScrollbars/js/jquery.overlayScrollbars.min.js HTTP/1.1" 304 0
INFO 2024-03-09 18:52:24,304 "GET /static/dist/js/demo.js HTTP/1.1" 304 0
INFO 2024-03-09 18:52:24,305 "GET /static/plugins/Datatables/datatables.min.js HTTP/1.1" 304 0
INFO 2024-03-09 18:54:10,149 "GET /finance/1/update/ HTTP/1.1" 200 13597
INFO 2024-03-09 18:54:16,508 "POST /finance/1/update/ HTTP/1.1" 302 0
INFO 2024-03-09 18:54:16,603 "GET /finance/1/detail/ HTTP/1.1" 200 11745
INFO 2024-03-09 18:54:20,075 "GET /student/ HTTP/1.1" 200 14691
INFO 2024-03-09 18:54:23,416 "GET / HTTP/1.1" 200 13663
INFO 2024-03-09 18:54:26,078 "GET /student/ HTTP/1.1" 200 14691
INFO 2024-03-09 18:54:28,245 "GET /student/select_enquiry/ HTTP/1.1" 200 11733
INFO 2024-03-09 18:54:34,450 "GET /student/list HTTP/1.1" 200 11014
INFO 2024-03-09 18:54:35,910 "GET /student/1/ HTTP/1.1" 200 13667
INFO 2024-03-09 18:54:36,007 "GET /static/dist/img/avatar.png HTTP/1.1" 304 0
INFO 2024-03-09 18:54:47,489 "GET /student/1/update/ HTTP/1.1" 200 19599
INFO 2024-03-09 18:55:00,190 "GET /finance/1/detail/ HTTP/1.1" 200 11745
INFO 2024-03-09 18:55:09,085 "GET /finance/bill/ HTTP/1.1" 200 13334
INFO 2024-03-09 19:03:09,901 D:\Projects\Pro\revapp\apps\students\views.py changed, reloading.
INFO 2024-03-09 19:03:11,613 Watching for file changes with StatReloader
INFO 2024-03-09 19:03:13,186 "GET /finance/bill/ HTTP/1.1" 200 13334
INFO 2024-03-09 19:03:13,254 "GET /static/plugins/fontawesome-free/css/all.min.css HTTP/1.1" 304 0
INFO 2024-03-09 19:03:13,267 "GET /static/plugins/toastr/toastr.min.css HTTP/1.1" 304 0
INFO 2024-03-09 19:03:13,272 "GET /static/plugins/Datatables/datatables.min.css HTTP/1.1" 304 0
INFO 2024-03-09 19:03:13,276 "GET /static/plugins/overlayScrollbars/css/OverlayScrollbars.min.css HTTP/1.1" 304 0
INFO 2024-03-09 19:03:13,276 "GET /static/dist/css/adminlte.min.css HTTP/1.1" 304 0
INFO 2024-03-09 19:03:13,277 "GET /static/plugins/bootstrap/js/bootstrap.bundle.min.js HTTP/1.1" 304 0
INFO 2024-03-09 19:03:13,277 "GET /static/dist/js/jquery.formset.js HTTP/1.1" 304 0
INFO 2024-03-09 19:03:13,287 "GET /static/plugins/toastr/toastr.min.js HTTP/1.1" 304 0
INFO 2024-03-09 19:03:13,288 "GET /static/plugins/overlayScrollbars/js/jquery.overlayScrollbars.min.js HTTP/1.1" 304 0
INFO 2024-03-09 19:03:13,289 "GET /static/plugins/jquery/jquery.min.js HTTP/1.1" 304 0
INFO 2024-03-09 19:03:13,290 "GET /static/dist/js/demo.js HTTP/1.1" 304 0
INFO 2024-03-09 19:03:13,291 "GET /static/dist/js/adminlte.js HTTP/1.1" 304 0
INFO 2024-03-09 19:03:13,292 "GET /static/plugins/Datatables/datatables.min.js HTTP/1.1" 304 0
INFO 2024-03-09 19:03:15,780 "GET /student/ HTTP/1.1" 200 14691
INFO 2024-03-09 19:03:17,507 "GET /student/select_enquiry/ HTTP/1.1" 200 11733
INFO 2024-03-09 19:03:21,216 "GET /student/ HTTP/1.1" 200 14691
INFO 2024-03-09 19:03:22,590 "GET /student/list HTTP/1.1" 200 11014
INFO 2024-03-09 19:03:24,268 "GET /student/1/ HTTP/1.1" 200 13667
INFO 2024-03-09 19:03:24,370 "GET /static/dist/img/avatar.png HTTP/1.1" 304 0
INFO 2024-03-09 19:03:26,304 "GET /student/1/update/ HTTP/1.1" 200 19599
INFO 2024-03-09 19:03:31,922 "GET /student/1/update/ HTTP/1.1" 200 19599
INFO 2024-03-09 19:04:36,877 D:\Projects\Pro\revapp\apps\students\views.py changed, reloading.
INFO 2024-03-09 19:04:38,575 Watching for file changes with StatReloader
INFO 2024-03-09 19:04:39,542 "GET /student/1/update/ HTTP/1.1" 200 19326
INFO 2024-03-09 19:04:46,452 "GET /finance/1/detail/ HTTP/1.1" 200 11745
INFO 2024-03-09 19:04:47,811 "GET /finance/1/update/ HTTP/1.1" 200 13598
INFO 2024-03-09 19:04:50,843 "GET /student/ HTTP/1.1" 200 14691
INFO 2024-03-09 19:06:01,468 "GET /student/ HTTP/1.1" 200 14691
INFO 2024-03-09 19:06:03,884 "GET /student/ HTTP/1.1" 200 14691
INFO 2024-03-09 19:06:05,483 "GET /enquiry/list HTTP/1.1" 200 11132
INFO 2024-03-09 19:06:10,082 "GET /enquiry/1/ HTTP/1.1" 200 12920
INFO 2024-03-09 19:06:11,670 "GET /enquiry/1/histroy HTTP/1.1" 200 11766
INFO 2024-03-09 19:08:49,812 D:\Projects\Pro\revapp\apps\enquiry\forms.py changed, reloading.
INFO 2024-03-09 19:08:52,070 Watching for file changes with StatReloader
INFO 2024-03-09 19:10:23,002 D:\Projects\Pro\revapp\apps\enquiry\models.py changed, reloading.
INFO 2024-03-09 19:10:45,867 Watching for file changes with StatReloader
INFO 2024-03-09 19:10:48,594 "GET /enquiry/1/histroy HTTP/1.1" 200 12034
INFO 2024-03-09 19:10:48,796 "GET /static/plugins/fontawesome-free/css/all.min.css HTTP/1.1" 304 0
INFO 2024-03-09 19:10:48,805 "GET /static/plugins/toastr/toastr.min.css HTTP/1.1" 304 0
INFO 2024-03-09 19:10:48,806 "GET /static/plugins/overlayScrollbars/css/OverlayScrollbars.min.css HTTP/1.1" 304 0
INFO 2024-03-09 19:10:48,808 "GET /static/dist/css/adminlte.min.css HTTP/1.1" 304 0
INFO 2024-03-09 19:10:48,812 "GET /static/plugins/Datatables/datatables.min.css HTTP/1.1" 304 0
INFO 2024-03-09 19:10:48,813 "GET /static/plugins/jquery/jquery.min.js HTTP/1.1" 304 0
INFO 2024-03-09 19:10:48,816 "GET /static/plugins/overlayScrollbars/js/jquery.overlayScrollbars.min.js HTTP/1.1" 304 0
INFO 2024-03-09 19:10:48,817 "GET /static/plugins/bootstrap/js/bootstrap.bundle.min.js HTTP/1.1" 304 0
INFO 2024-03-09 19:10:48,818 "GET /static/plugins/toastr/toastr.min.js HTTP/1.1" 304 0
INFO 2024-03-09 19:10:48,818 "GET /static/dist/js/jquery.formset.js HTTP/1.1" 304 0
INFO 2024-03-09 19:10:48,822 "GET /static/dist/js/adminlte.js HTTP/1.1" 304 0
INFO 2024-03-09 19:10:48,823 "GET /static/plugins/Datatables/datatables.min.js HTTP/1.1" 304 0
INFO 2024-03-09 19:10:48,823 "GET /static/dist/js/demo.js HTTP/1.1" 304 0
INFO 2024-03-09 19:10:49,082 "GET /static/plugins/fontawesome-free/webfonts/fa-solid-900.woff2 HTTP/1.1" 304 0
INFO 2024-03-09 19:10:49,082 "GET /static/plugins/fontawesome-free/webfonts/fa-regular-400.woff2 HTTP/1.1" 304 0
INFO 2024-03-09 19:11:06,739 "POST /enquiry/1/histroy HTTP/1.1" 302 0
INFO 2024-03-09 19:11:06,862 "GET /enquiry/1/ HTTP/1.1" 200 13723
INFO 2024-03-09 19:11:06,987 "GET /static/dist/img/avatar.png HTTP/1.1" 304 0
INFO 2024-03-09 19:11:23,870 "GET /student/ HTTP/1.1" 200 14691
INFO 2024-03-09 19:11:29,269 "GET /student/list HTTP/1.1" 200 11014
INFO 2024-03-09 19:11:31,162 "GET /student/1/ HTTP/1.1" 200 13667
INFO 2024-03-09 19:11:32,878 "GET /student/1/booklog/ HTTP/1.1" 200 11894
INFO 2024-03-09 19:12:07,294 "GET /batches/ HTTP/1.1" 200 11188
INFO 2024-03-09 19:12:08,656 "GET /batches/1/ HTTP/1.1" 200 15298
INFO 2024-03-09 19:12:32,938 "GET /batches/ HTTP/1.1" 200 11188
INFO 2024-03-09 19:12:34,680 "GET /batches/create/ HTTP/1.1" 200 12945
INFO 2024-03-09 19:12:47,327 "GET /batches/1/ HTTP/1.1" 200 15298
INFO 2024-03-09 19:15:38,899 "GET /batches/1/ HTTP/1.1" 200 15150
INFO 2024-03-09 19:15:40,694 "GET /revenue/revenue HTTP/1.1" 200 11001
INFO 2024-03-09 19:15:43,461 "GET /revenue/revenue HTTP/1.1" 200 11001
INFO 2024-03-09 19:15:46,993 "GET /batches/1/ HTTP/1.1" 200 15150
INFO 2024-03-09 19:15:47,162 "GET /static/plugins/fontawesome-free/css/all.min.css HTTP/1.1" 304 0
INFO 2024-03-09 19:15:47,167 "GET /static/plugins/overlayScrollbars/css/OverlayScrollbars.min.css HTTP/1.1" 304 0
INFO 2024-03-09 19:15:47,168 "GET /static/plugins/Datatables/datatables.min.css HTTP/1.1" 304 0
INFO 2024-03-09 19:15:47,170 "GET /static/dist/css/adminlte.min.css HTTP/1.1" 304 0
INFO 2024-03-09 19:15:47,175 "GET /static/plugins/toastr/toastr.min.css HTTP/1.1" 304 0
INFO 2024-03-09 19:15:47,175 "GET /static/plugins/jquery/jquery.min.js HTTP/1.1" 304 0
INFO 2024-03-09 19:15:47,186 "GET /static/plugins/bootstrap/js/bootstrap.bundle.min.js HTTP/1.1" 304 0
INFO 2024-03-09 19:15:47,188 "GET /static/dist/js/jquery.formset.js HTTP/1.1" 304 0
INFO 2024-03-09 19:15:47,188 "GET /static/plugins/overlayScrollbars/js/jquery.overlayScrollbars.min.js HTTP/1.1" 304 0
INFO 2024-03-09 19:15:47,190 "GET /static/plugins/toastr/toastr.min.js HTTP/1.1" 304 0
INFO 2024-03-09 19:15:47,191 "GET /static/dist/js/demo.js HTTP/1.1" 304 0
INFO 2024-03-09 19:15:47,191 "GET /static/dist/js/adminlte.js HTTP/1.1" 304 0
INFO 2024-03-09 19:15:47,193 "GET /static/plugins/Datatables/datatables.min.js HTTP/1.1" 304 0
INFO 2024-03-09 19:16:26,506 "GET /batches/1/ HTTP/1.1" 200 15118
INFO 2024-03-09 19:16:43,624 "GET /batches/1/ HTTP/1.1" 200 14887
INFO 2024-03-09 19:16:52,074 "GET /batches/1/ HTTP/1.1" 200 15118
INFO 2024-03-09 19:16:57,972 "GET /batches/1/ HTTP/1.1" 200 15119
INFO 2024-03-09 19:17:14,030 "GET /batches/1/ HTTP/1.1" 200 15099
INFO 2024-03-09 19:17:30,740 "GET /batches/1/ HTTP/1.1" 200 15100
INFO 2024-03-09 19:17:58,442 "GET /batches/1/ HTTP/1.1" 200 15062
INFO 2024-03-09 19:18:16,075 "GET /batches/1/ HTTP/1.1" 200 15099
INFO 2024-03-09 19:18:24,197 "GET /batches/1/ HTTP/1.1" 200 15081
INFO 2024-03-09 19:18:41,959 "GET /batches/1/ HTTP/1.1" 200 15057
INFO 2024-03-09 19:18:49,092 "GET /batches/1/ HTTP/1.1" 200 15018
INFO 2024-03-09 19:18:56,873 "GET /batches/1/ HTTP/1.1" 200 15057
INFO 2024-03-09 19:19:33,879 "GET /batches/1/ HTTP/1.1" 200 15051
INFO 2024-03-09 19:19:41,321 "GET /batches/1/ HTTP/1.1" 200 15024
INFO 2024-03-09 19:19:48,330 "GET /batches/1/ HTTP/1.1" 200 15023
INFO 2024-03-09 19:20:03,825 "GET /batches/1/ HTTP/1.1" 200 15023
INFO 2024-03-09 19:20:40,180 "GET /batches/1/ HTTP/1.1" 200 15201
INFO 2024-03-09 19:22:11,713 "GET /batches/1/ HTTP/1.1" 200 15201
INFO 2024-03-09 19:22:11,792 "GET /static/plugins/fontawesome-free/css/all.min.css HTTP/1.1" 304 0
INFO 2024-03-09 19:22:11,798 "GET /static/plugins/toastr/toastr.min.css HTTP/1.1" 304 0
INFO 2024-03-09 19:22:11,815 "GET /static/dist/css/adminlte.min.css HTTP/1.1" 304 0
INFO 2024-03-09 19:22:11,818 "GET /static/plugins/overlayScrollbars/css/OverlayScrollbars.min.css HTTP/1.1" 304 0
INFO 2024-03-09 19:22:11,820 "GET /static/plugins/Datatables/datatables.min.css HTTP/1.1" 304 0
INFO 2024-03-09 19:22:11,821 "GET /static/dist/js/jquery.formset.js HTTP/1.1" 304 0
INFO 2024-03-09 19:22:11,821 "GET /static/plugins/jquery/jquery.min.js HTTP/1.1" 304 0
INFO 2024-03-09 19:22:11,823 "GET /static/plugins/bootstrap/js/bootstrap.bundle.min.js HTTP/1.1" 304 0
INFO 2024-03-09 19:22:11,834 "GET /static/plugins/toastr/toastr.min.js HTTP/1.1" 304 0
INFO 2024-03-09 19:22:11,836 "GET /static/dist/js/demo.js HTTP/1.1" 304 0
INFO 2024-03-09 19:22:11,836 "GET /static/plugins/Datatables/datatables.min.js HTTP/1.1" 304 0
INFO 2024-03-09 19:22:11,837 "GET /static/plugins/overlayScrollbars/js/jquery.overlayScrollbars.min.js HTTP/1.1" 304 0
INFO 2024-03-09 19:22:11,839 "GET /static/dist/js/adminlte.js HTTP/1.1" 304 0
INFO 2024-03-09 19:22:17,935 "GET /batches/1/ HTTP/1.1" 200 15205
INFO 2024-03-09 19:22:27,339 "GET /student/ HTTP/1.1" 200 14691
INFO 2024-03-09 19:22:28,414 "GET /course/ HTTP/1.1" 200 10934
INFO 2024-03-09 19:22:32,570 "GET /batches/ HTTP/1.1" 200 11188
INFO 2024-03-09 19:22:36,608 "GET /batches/1/ HTTP/1.1" 200 15205
INFO 2024-03-09 19:28:18,332 "GET /student/ HTTP/1.1" 200 14691
INFO 2024-03-09 19:28:18,429 "GET /static/plugins/fontawesome-free/css/all.min.css HTTP/1.1" 304 0
INFO 2024-03-09 19:28:18,438 "GET /static/plugins/toastr/toastr.min.css HTTP/1.1" 304 0
INFO 2024-03-09 19:28:18,439 "GET /static/plugins/overlayScrollbars/css/OverlayScrollbars.min.css HTTP/1.1" 304 0
INFO 2024-03-09 19:28:18,443 "GET /static/plugins/Datatables/datatables.min.css HTTP/1.1" 304 0
INFO 2024-03-09 19:28:18,446 "GET /static/dist/css/adminlte.min.css HTTP/1.1" 304 0
INFO 2024-03-09 19:28:18,596 "GET /static/plugins/jquery/jquery.min.js HTTP/1.1" 304 0
INFO 2024-03-09 19:28:18,597 "GET /static/plugins/toastr/toastr.min.js HTTP/1.1" 304 0
INFO 2024-03-09 19:28:18,599 "GET /static/dist/js/jquery.formset.js HTTP/1.1" 304 0
INFO 2024-03-09 19:28:18,601 "GET /static/plugins/bootstrap/js/bootstrap.bundle.min.js HTTP/1.1" 304 0
INFO 2024-03-09 19:28:18,601 "GET /static/plugins/overlayScrollbars/js/jquery.overlayScrollbars.min.js HTTP/1.1" 304 0
INFO 2024-03-09 19:28:18,604 "GET /static/dist/js/adminlte.js HTTP/1.1" 304 0
INFO 2024-03-09 19:28:18,610 "GET /static/dist/js/demo.js HTTP/1.1" 304 0
INFO 2024-03-09 19:28:18,617 "GET /static/plugins/Datatables/datatables.min.js HTTP/1.1" 304 0
INFO 2024-03-09 19:28:19,668 "GET /student/list HTTP/1.1" 200 11014
INFO 2024-03-09 19:28:21,215 "GET /student/1/ HTTP/1.1" 200 13667
INFO 2024-03-09 19:28:21,309 "GET /static/dist/img/avatar.png HTTP/1.1" 304 0
INFO 2024-03-09 19:28:23,135 "GET /student/1/booklog/ HTTP/1.1" 200 11894
INFO 2024-03-09 19:28:31,209 "GET /subject/list/ HTTP/1.1" 200 12659
INFO 2024-03-09 19:28:37,092 "GET /batches/ HTTP/1.1" 200 11188
INFO 2024-03-09 19:28:40,274 "GET /batches/1/ HTTP/1.1" 200 15205
INFO 2024-03-09 19:28:43,238 "GET /batches/ HTTP/1.1" 200 11188
INFO 2024-03-09 19:28:44,400 "GET /course/ HTTP/1.1" 200 10934
INFO 2024-03-09 19:28:45,753 "GET /course/course-details/1/ HTTP/1.1" 200 12326
INFO 2024-03-09 19:28:58,188 "GET /course/1/create-subject/ HTTP/1.1" 200 11138
INFO 2024-03-09 19:29:02,334 "POST /course/1/create-subject/ HTTP/1.1" 302 0
INFO 2024-03-09 19:29:02,443 "GET /course/course-details/1/ HTTP/1.1" 200 13230
INFO 2024-03-09 19:29:04,072 "GET /course/1/create-book/ HTTP/1.1" 200 11144
INFO 2024-03-09 19:29:07,446 "POST /course/1/create-book/ HTTP/1.1" 302 0
INFO 2024-03-09 19:29:07,539 "GET /course/course-details/1/ HTTP/1.1" 200 13873
INFO 2024-03-09 19:29:09,089 "GET /course/1/create-exam/ HTTP/1.1" 200 11032
INFO 2024-03-09 19:29:11,789 "POST /course/1/create-exam/ HTTP/1.1" 302 0
INFO 2024-03-09 19:29:11,903 "GET /course/course-details/1/ HTTP/1.1" 200 14503
INFO 2024-03-09 19:29:17,883 "GET /student/ HTTP/1.1" 200 14691
INFO 2024-03-09 19:29:20,136 "GET /student/list HTTP/1.1" 200 11014
INFO 2024-03-09 19:29:21,674 "GET /student/1/ HTTP/1.1" 200 13667
INFO 2024-03-09 19:29:24,013 "GET /student/1/booklog/ HTTP/1.1" 200 11894
INFO 2024-03-09 19:29:44,012 "GET /finance/1/detail/ HTTP/1.1" 200 11745
INFO 2024-03-09 19:29:52,088 "GET /course/ HTTP/1.1" 200 10934
INFO 2024-03-09 19:29:54,191 "GET /course/course-details/1/ HTTP/1.1" 200 14503
INFO 2024-03-09 22:10:59,662 Watching for file changes with StatReloader
INFO 2024-03-09 22:11:11,769 "GET /course/course-details/1/ HTTP/1.1" 200 14503
INFO 2024-03-09 22:11:12,043 "GET /static/plugins/toastr/toastr.min.css HTTP/1.1" 304 0
INFO 2024-03-09 22:11:12,048 "GET /static/plugins/overlayScrollbars/css/OverlayScrollbars.min.css HTTP/1.1" 304 0
INFO 2024-03-09 22:11:12,050 "GET /static/plugins/fontawesome-free/css/all.min.css HTTP/1.1" 304 0
INFO 2024-03-09 22:11:12,053 "GET /static/plugins/Datatables/datatables.min.css HTTP/1.1" 304 0
INFO 2024-03-09 22:11:12,054 "GET /static/dist/js/jquery.formset.js HTTP/1.1" 304 0
INFO 2024-03-09 22:11:12,054 "GET /static/plugins/bootstrap/js/bootstrap.bundle.min.js HTTP/1.1" 304 0
INFO 2024-03-09 22:11:12,060 "GET /static/plugins/jquery/jquery.min.js HTTP/1.1" 304 0
INFO 2024-03-09 22:11:12,060 "GET /static/plugins/toastr/toastr.min.js HTTP/1.1" 304 0
INFO 2024-03-09 22:11:12,064 "GET /static/plugins/overlayScrollbars/js/jquery.overlayScrollbars.min.js HTTP/1.1" 304 0
INFO 2024-03-09 22:11:12,064 "GET /static/dist/js/demo.js HTTP/1.1" 304 0
INFO 2024-03-09 22:11:12,065 "GET /static/plugins/Datatables/datatables.min.js HTTP/1.1" 304 0
INFO 2024-03-09 22:11:12,133 "GET /static/dist/css/adminlte.min.css HTTP/1.1" 304 0
INFO 2024-03-09 22:11:12,135 "GET /static/dist/js/adminlte.js HTTP/1.1" 304 0
INFO 2024-03-09 22:11:12,400 "GET /static/plugins/fontawesome-free/webfonts/fa-regular-400.woff2 HTTP/1.1" 304 0
INFO 2024-03-09 22:11:12,400 "GET /static/plugins/fontawesome-free/webfonts/fa-solid-900.woff2 HTTP/1.1" 304 0
INFO 2024-03-09 22:11:15,033 "GET /student/ HTTP/1.1" 302 0
INFO 2024-03-09 22:11:15,235 "GET /accounts/login/ HTTP/1.1" 200 3819
INFO 2024-03-09 22:11:15,325 "GET /static/dist/css/login-page.css HTTP/1.1" 304 0
INFO 2024-03-09 22:11:15,359 "GET /static/dist/img/login.png HTTP/1.1" 304 0
INFO 2024-03-09 22:11:15,583 "GET /favicon.ico HTTP/1.1" 302 0
INFO 2024-03-09 22:11:15,602 "GET /accounts/login/ HTTP/1.1" 200 3819
INFO 2024-03-09 22:11:25,426 "POST /accounts/login/ HTTP/1.1" 302 0
INFO 2024-03-09 22:11:25,617 "GET / HTTP/1.1" 200 13663
INFO 2024-03-09 22:11:33,994 "GET /student/ HTTP/1.1" 200 14691
INFO 2024-03-09 22:13:57,115 "GET /student/ HTTP/1.1" 200 14691
INFO 2024-03-09 22:14:02,859 "GET /staff/list/ HTTP/1.1" 200 10977
INFO 2024-03-09 22:14:05,922 "GET /student/ HTTP/1.1" 200 14691
INFO 2024-03-09 22:14:08,009 "GET /student/list HTTP/1.1" 200 11014
INFO 2024-03-09 22:14:09,958 "GET /student/1/ HTTP/1.1" 200 13667
INFO 2024-03-09 22:14:10,148 "GET /static/dist/img/avatar.png HTTP/1.1" 304 0
INFO 2024-03-09 22:14:12,050 "GET /course/course-details/1/ HTTP/1.1" 200 14503
INFO 2024-03-09 22:14:18,294 "GET /student/1/booklog/ HTTP/1.1" 200 11894
INFO 2024-03-09 22:40:23,671 "GET /student/1/booklog/ HTTP/1.1" 200 11894
INFO 2024-03-09 22:40:23,819 "GET /static/plugins/fontawesome-free/css/all.min.css HTTP/1.1" 304 0
INFO 2024-03-09 22:40:23,835 "GET /static/plugins/toastr/toastr.min.css HTTP/1.1" 304 0
INFO 2024-03-09 22:40:23,846 "GET /static/plugins/overlayScrollbars/css/OverlayScrollbars.min.css HTTP/1.1" 304 0
INFO 2024-03-09 22:40:23,851 "GET /static/dist/js/jquery.formset.js HTTP/1.1" 304 0
INFO 2024-03-09 22:40:23,854 "GET /static/plugins/Datatables/datatables.min.css HTTP/1.1" 304 0
INFO 2024-03-09 22:40:23,859 "GET /static/dist/css/adminlte.min.css HTTP/1.1" 304 0
INFO 2024-03-09 22:40:23,864 "GET /static/plugins/bootstrap/js/bootstrap.bundle.min.js HTTP/1.1" 304 0
INFO 2024-03-09 22:40:23,878 "GET /static/plugins/toastr/toastr.min.js HTTP/1.1" 304 0
INFO 2024-03-09 22:40:23,882 "GET /static/dist/js/adminlte.js HTTP/1.1" 304 0
INFO 2024-03-09 22:40:23,883 "GET /static/plugins/jquery/jquery.min.js HTTP/1.1" 304 0
INFO 2024-03-09 22:40:23,884 "GET /static/plugins/overlayScrollbars/js/jquery.overlayScrollbars.min.js HTTP/1.1" 304 0
INFO 2024-03-09 22:40:23,885 "GET /static/dist/js/demo.js HTTP/1.1" 304 0
INFO 2024-03-09 22:40:23,889 "GET /static/plugins/Datatables/datatables.min.js HTTP/1.1" 304 0
INFO 2024-03-09 22:40:24,042 "GET /static/plugins/fontawesome-free/webfonts/fa-solid-900.woff2 HTTP/1.1" 304 0
INFO 2024-03-09 22:40:24,042 "GET /static/plugins/fontawesome-free/webfonts/fa-regular-400.woff2 HTTP/1.1" 304 0
INFO 2024-03-09 22:45:49,907 D:\Projects\Pro\revapp\apps\students\views.py changed, reloading.
INFO 2024-03-09 22:45:51,864 Watching for file changes with StatReloader
INFO 2024-03-09 22:45:53,304 "GET /student/1/booklog/ HTTP/1.1" 200 11894
INFO 2024-03-09 22:45:59,156 "GET /student/1/booklog/ HTTP/1.1" 200 11894
INFO 2024-03-09 22:47:22,768 D:\Projects\Pro\revapp\apps\students\views.py changed, reloading.
INFO 2024-03-09 22:47:24,521 Watching for file changes with StatReloader
INFO 2024-03-09 22:47:25,253 "GET /student/1/booklog/ HTTP/1.1" 200 11894
INFO 2024-03-09 22:48:42,990 "GET /book/list/ HTTP/1.1" 200 12337
INFO 2024-03-09 22:50:34,909 D:\Projects\Pro\revapp\apps\students\views.py changed, reloading.
INFO 2024-03-09 22:50:36,463 Watching for file changes with StatReloader
INFO 2024-03-09 22:50:37,370 "GET /book/list/ HTTP/1.1" 200 12337
INFO 2024-03-09 22:50:41,109 "GET /student/1/booklog/ HTTP/1.1" 200 11894
INFO 2024-03-09 22:54:09,517 Watching for file changes with StatReloader
INFO 2024-03-09 22:54:12,898 "GET /student/1/booklog/ HTTP/1.1" 200 12005
INFO 2024-03-09 22:54:31,076 "POST /student/1/booklog/ HTTP/1.1" 302 0
INFO 2024-03-09 22:54:31,214 "GET /student/1/ HTTP/1.1" 200 14252
INFO 2024-03-09 22:54:31,305 "GET /static/dist/img/avatar.png HTTP/1.1" 304 0
INFO 2024-03-09 22:54:39,136 "GET /student/1/examlog/ HTTP/1.1" 200 12625
INFO 2024-03-09 22:55:49,209 Watching for file changes with StatReloader
INFO 2024-03-09 22:55:52,804 "GET /student/1/examlog/ HTTP/1.1" 200 12737
INFO 2024-03-09 22:56:00,531 "GET /course/ HTTP/1.1" 200 10934
INFO 2024-03-09 22:56:02,790 "GET /course/course-details/1/ HTTP/1.1" 200 14503
INFO 2024-03-09 22:56:09,537 "GET /batches/ HTTP/1.1" 200 11188
INFO 2024-03-09 22:56:11,963 "GET /student/ HTTP/1.1" 200 14691
INFO 2024-03-09 22:56:13,007 "GET /student/list HTTP/1.1" 200 11014
INFO 2024-03-09 22:56:14,148 "GET /student/1/ HTTP/1.1" 200 14252
INFO 2024-03-09 22:56:15,263 "GET /student/1/booklog/ HTTP/1.1" 200 12005
INFO 2024-03-09 22:56:17,813 "GET /student/1/certificatelog/ HTTP/1.1" 200 13233
INFO 2024-03-09 22:57:28,557 D:\Projects\Pro\revapp\apps\students\models.py changed, reloading.
INFO 2024-03-09 22:57:30,188 Watching for file changes with StatReloader
INFO 2024-03-09 22:57:52,935 Watching for file changes with StatReloader
INFO 2024-03-09 22:58:03,278 "GET /student/1/certificatelog/ HTTP/1.1" 200 13308
INFO 2024-03-09 22:58:19,930 "GET /student/1/certificatelog/ HTTP/1.1" 200 13308
INFO 2024-03-09 22:59:00,291 "GET /public/student/1/ HTTP/1.1" 200 7227
INFO 2024-03-09 22:59:23,270 "GET /student/1/booklog/ HTTP/1.1" 200 12005
INFO 2024-03-09 22:59:28,088 "GET /staff/list/ HTTP/1.1" 200 10977
INFO 2024-03-09 22:59:29,410 "GET /student/ HTTP/1.1" 200 14691
INFO 2024-03-09 22:59:32,214 "GET /student/ HTTP/1.1" 200 14691
INFO 2024-03-09 22:59:33,834 "GET /enquiry/list HTTP/1.1" 200 11132
INFO 2024-03-09 22:59:42,023 "GET /student/select_enquiry/ HTTP/1.1" 200 11733
INFO 2024-03-09 22:59:47,017 "GET /student/list HTTP/1.1" 200 11014
INFO 2024-03-09 22:59:51,348 "GET /student/1/ HTTP/1.1" 200 14252
INFO 2024-03-09 23:00:43,680 "GET /student/1/update/ HTTP/1.1" 200 19326
INFO 2024-03-09 23:00:46,841 "POST /student/1/update/ HTTP/1.1" 302 0
INFO 2024-03-09 23:00:46,957 "GET /student/1/ HTTP/1.1" 200 14395
INFO 2024-03-09 23:00:49,434 "GET /student/1/update/ HTTP/1.1" 200 19326
INFO 2024-03-09 23:01:11,788 "POST /student/1/update/ HTTP/1.1" 302 0
INFO 2024-03-09 23:01:11,912 "GET /student/1/ HTTP/1.1" 200 14447
INFO 2024-03-09 23:01:12,162 "GET /media/students/passports/photo_2023-11-04_00-25-17-PhotoRoom.png-PhotoRoom.png HTTP/1.1" 200 459177
INFO 2024-03-09 23:01:16,557 "GET /public/student/1/ HTTP/1.1" 200 7227
INFO 2024-03-09 23:01:18,791 "GET /student/1/ HTTP/1.1" 200 14304
INFO 2024-03-09 23:02:32,461 "GET /public/student/1/ HTTP/1.1" 200 7143
INFO 2024-03-09 23:04:29,421 "GET /public/student/1/ HTTP/1.1" 200 7330
INFO 2024-03-09 23:04:29,570 "GET /media/students/passports/photo_2023-11-04_00-25-17-PhotoRoom.png-PhotoRoom.png HTTP/1.1" 304 0
INFO 2024-03-09 23:04:51,798 "GET /public/student/1/ HTTP/1.1" 200 7240
INFO 2024-03-09 23:04:51,915 "GET /media/students/passports/photo_2023-11-04_00-25-17-PhotoRoom.png-PhotoRoom.png HTTP/1.1" 304 0
INFO 2024-03-09 23:05:09,103 "GET /public/student/1/ HTTP/1.1" 200 7277
INFO 2024-03-09 23:05:30,775 "GET /student/1/update/ HTTP/1.1" 200 19630
INFO 2024-03-09 23:05:38,979 "POST /student/1/update/ HTTP/1.1" 302 0
INFO 2024-03-09 23:05:39,130 "GET /student/1/ HTTP/1.1" 200 14395
INFO 2024-03-09 23:05:41,349 "GET /public/student/1/ HTTP/1.1" 200 7245
INFO 2024-03-09 23:06:31,239 "GET /public/student/1/ HTTP/1.1" 200 7249
INFO 2024-03-09 23:06:33,841 "GET /student/1/ HTTP/1.1" 200 14252
INFO 2024-03-09 23:06:35,164 "GET /public/student/1/ HTTP/1.1" 200 7249
INFO 2024-03-09 23:06:59,588 "GET /public/student/1/ HTTP/1.1" 200 7264
INFO 2024-03-09 23:09:58,856 "GET /public/student/1/ HTTP/1.1" 200 7258
INFO 2024-03-09 23:10:41,842 "GET /public/student/1/ HTTP/1.1" 200 7490
INFO 2024-03-09 23:10:59,817 "GET /public/student/1/ HTTP/1.1" 200 7528
INFO 2024-03-09 23:11:13,595 "GET /public/student/1/ HTTP/1.1" 200 7560
INFO 2024-03-09 23:13:44,504 "GET /public/student/1/ HTTP/1.1" 200 7479
INFO 2024-03-09 23:13:54,869 "GET /public/student/1/ HTTP/1.1" 200 7481
INFO 2024-03-09 23:14:19,062 "GET /public/student/1/ HTTP/1.1" 200 7524
INFO 2024-03-09 23:14:33,090 "GET /public/student/1/ HTTP/1.1" 200 7567
INFO 2024-03-09 23:14:46,123 "GET /public/student/1/ HTTP/1.1" 200 7567
INFO 2024-03-09 23:18:02,742 "GET /public/student/1/ HTTP/1.1" 200 7567
INFO 2024-03-09 23:20:05,516 D:\Projects\Pro\revapp\apps\students\views.py changed, reloading.
INFO 2024-03-09 23:20:07,155 Watching for file changes with StatReloader
INFO 2024-03-09 23:23:28,990 Watching for file changes with StatReloader
INFO 2024-03-09 23:24:20,761 Watching for file changes with StatReloader
INFO 2024-03-09 23:24:24,965 "GET /student/1/ HTTP/1.1" 200 14287
INFO 2024-03-09 23:24:25,000 "GET /static/plugins/fontawesome-free/css/all.min.css HTTP/1.1" 304 0
INFO 2024-03-09 23:24:25,008 "GET /static/plugins/toastr/toastr.min.css HTTP/1.1" 304 0
INFO 2024-03-09 23:24:25,008 "GET /static/plugins/overlayScrollbars/css/OverlayScrollbars.min.css HTTP/1.1" 304 0
INFO 2024-03-09 23:24:25,010 "GET /static/plugins/Datatables/datatables.min.css HTTP/1.1" 304 0
INFO 2024-03-09 23:24:25,011 "GET /static/dist/css/adminlte.min.css HTTP/1.1" 304 0
INFO 2024-03-09 23:24:25,015 "GET /static/dist/img/avatar.png HTTP/1.1" 304 0
INFO 2024-03-09 23:24:25,016 "GET /static/plugins/jquery/jquery.min.js HTTP/1.1" 304 0
INFO 2024-03-09 23:24:25,063 "GET /static/dist/js/jquery.formset.js HTTP/1.1" 304 0
INFO 2024-03-09 23:24:25,072 "GET /static/plugins/bootstrap/js/bootstrap.bundle.min.js HTTP/1.1" 304 0
INFO 2024-03-09 23:24:25,099 "GET /static/plugins/toastr/toastr.min.js HTTP/1.1" 304 0
INFO 2024-03-09 23:24:25,100 "GET /static/plugins/overlayScrollbars/js/jquery.overlayScrollbars.min.js HTTP/1.1" 304 0
INFO 2024-03-09 23:24:25,145 "GET /static/plugins/Datatables/datatables.min.js HTTP/1.1" 304 0
INFO 2024-03-09 23:24:25,145 "GET /static/dist/js/demo.js HTTP/1.1" 304 0
INFO 2024-03-09 23:24:25,146 "GET /static/dist/js/adminlte.js HTTP/1.1" 304 0
INFO 2024-03-09 23:24:25,189 "GET /static/plugins/fontawesome-free/webfonts/fa-solid-900.woff2 HTTP/1.1" 304 0
INFO 2024-03-09 23:24:25,189 "GET /static/plugins/fontawesome-free/webfonts/fa-regular-400.woff2 HTTP/1.1" 304 0
ERROR 2024-03-09 23:24:27,145 Internal Server Error: /student/generate_student_id_card/1/
Traceback (most recent call last):
  File "D:\Projects\Pro\env\Lib\site-packages\django\core\handlers\exception.py", line 55, in inner
    response = get_response(request)
               ^^^^^^^^^^^^^^^^^^^^^
  File "D:\Projects\Pro\env\Lib\site-packages\django\core\handlers\base.py", line 197, in _get_response
    response = wrapped_callback(request, *callback_args, **callback_kwargs)
               ^^^^^^^^^^^^^^^^^^^^^^^^^^^^^^^^^^^^^^^^^^^^^^^^^^^^^^^^^^^^
  File "D:\Projects\Pro\revapp\apps\students\views.py", line 68, in generate_student_id_card
    qr_img.save(qr_img_path)
  File "D:\Projects\Pro\env\Lib\site-packages\qrcode\image\pil.py", line 51, in save
    self._img.save(stream, format=format, **kwargs)
  File "D:\Projects\Pro\env\Lib\site-packages\PIL\Image.py", line 2436, in save
    fp = builtins.open(filename, "w+b")
         ^^^^^^^^^^^^^^^^^^^^^^^^^^^^^^
FileNotFoundError: [Errno 2] No such file or directory: '/path/to/your/static/qr_codes/qr_code.png'
ERROR 2024-03-09 23:24:27,151 "GET /student/generate_student_id_card/1/ HTTP/1.1" 500 80522
WARNING 2024-03-09 23:24:27,478 Not Found: /favicon.ico
WARNING 2024-03-09 23:24:27,479 "GET /favicon.ico HTTP/1.1" 404 9105
INFO 2024-03-09 23:25:22,254 D:\Projects\Pro\revapp\apps\students\views.py changed, reloading.
INFO 2024-03-09 23:25:23,909 Watching for file changes with StatReloader
ERROR 2024-03-09 23:25:25,014 Internal Server Error: /student/generate_student_id_card/1/
Traceback (most recent call last):
  File "D:\Projects\Pro\env\Lib\site-packages\django\core\handlers\exception.py", line 55, in inner
    response = get_response(request)
               ^^^^^^^^^^^^^^^^^^^^^
  File "D:\Projects\Pro\env\Lib\site-packages\django\core\handlers\base.py", line 197, in _get_response
    response = wrapped_callback(request, *callback_args, **callback_kwargs)
               ^^^^^^^^^^^^^^^^^^^^^^^^^^^^^^^^^^^^^^^^^^^^^^^^^^^^^^^^^^^^
  File "D:\Projects\Pro\revapp\apps\students\views.py", line 68, in generate_student_id_card
    qr_img.save(qr_img_path)
  File "D:\Projects\Pro\env\Lib\site-packages\qrcode\image\pil.py", line 51, in save
    self._img.save(stream, format=format, **kwargs)
  File "D:\Projects\Pro\env\Lib\site-packages\PIL\Image.py", line 2436, in save
    fp = builtins.open(filename, "w+b")
         ^^^^^^^^^^^^^^^^^^^^^^^^^^^^^^
FileNotFoundError: [Errno 2] No such file or directory: 'static/qr_codes/qr_code.png'
ERROR 2024-03-09 23:25:25,023 "GET /student/generate_student_id_card/1/ HTTP/1.1" 500 80547
INFO 2024-03-09 23:25:33,131 D:\Projects\Pro\revapp\apps\students\views.py changed, reloading.
INFO 2024-03-09 23:25:34,742 Watching for file changes with StatReloader
ERROR 2024-03-09 23:25:35,728 Internal Server Error: /student/generate_student_id_card/1/
Traceback (most recent call last):
  File "D:\Projects\Pro\env\Lib\site-packages\django\core\handlers\exception.py", line 55, in inner
    response = get_response(request)
               ^^^^^^^^^^^^^^^^^^^^^
  File "D:\Projects\Pro\env\Lib\site-packages\django\core\handlers\base.py", line 197, in _get_response
    response = wrapped_callback(request, *callback_args, **callback_kwargs)
               ^^^^^^^^^^^^^^^^^^^^^^^^^^^^^^^^^^^^^^^^^^^^^^^^^^^^^^^^^^^^
  File "D:\Projects\Pro\revapp\apps\students\views.py", line 68, in generate_student_id_card
    qr_img.save(qr_img_path)
  File "D:\Projects\Pro\env\Lib\site-packages\qrcode\image\pil.py", line 51, in save
    self._img.save(stream, format=format, **kwargs)
  File "D:\Projects\Pro\env\Lib\site-packages\PIL\Image.py", line 2436, in save
    fp = builtins.open(filename, "w+b")
         ^^^^^^^^^^^^^^^^^^^^^^^^^^^^^^
FileNotFoundError: [Errno 2] No such file or directory: 'qr_codes/qr_code.png'
ERROR 2024-03-09 23:25:35,735 "GET /student/generate_student_id_card/1/ HTTP/1.1" 500 80491
INFO 2024-03-09 23:25:56,378 D:\Projects\Pro\revapp\apps\students\views.py changed, reloading.
INFO 2024-03-09 23:25:58,109 Watching for file changes with StatReloader
ERROR 2024-03-09 23:25:59,691 Internal Server Error: /student/generate_student_id_card/1/
Traceback (most recent call last):
  File "D:\Projects\Pro\env\Lib\site-packages\django\core\handlers\exception.py", line 55, in inner
    response = get_response(request)
               ^^^^^^^^^^^^^^^^^^^^^
  File "D:\Projects\Pro\env\Lib\site-packages\django\core\handlers\base.py", line 197, in _get_response
    response = wrapped_callback(request, *callback_args, **callback_kwargs)
               ^^^^^^^^^^^^^^^^^^^^^^^^^^^^^^^^^^^^^^^^^^^^^^^^^^^^^^^^^^^^
  File "D:\Projects\Pro\revapp\apps\students\views.py", line 68, in generate_student_id_card
    qr_img.save(qr_img_path)
  File "D:\Projects\Pro\env\Lib\site-packages\qrcode\image\pil.py", line 51, in save
    self._img.save(stream, format=format, **kwargs)
  File "D:\Projects\Pro\env\Lib\site-packages\PIL\Image.py", line 2436, in save
    fp = builtins.open(filename, "w+b")
         ^^^^^^^^^^^^^^^^^^^^^^^^^^^^^^
FileNotFoundError: [Errno 2] No such file or directory: '/path/to/your/static/qr_codes/qr_code.png'
ERROR 2024-03-09 23:25:59,695 "GET /student/generate_student_id_card/1/ HTTP/1.1" 500 80659
INFO 2024-03-09 23:27:00,000 D:\Projects\Pro\revapp\apps\students\views.py changed, reloading.
INFO 2024-03-09 23:27:01,876 Watching for file changes with StatReloader
ERROR 2024-03-09 23:27:03,347 Internal Server Error: /student/generate_student_id_card/1/
Traceback (most recent call last):
  File "D:\Projects\Pro\env\Lib\site-packages\django\core\handlers\exception.py", line 55, in inner
    response = get_response(request)
               ^^^^^^^^^^^^^^^^^^^^^
  File "D:\Projects\Pro\env\Lib\site-packages\django\core\handlers\base.py", line 197, in _get_response
    response = wrapped_callback(request, *callback_args, **callback_kwargs)
               ^^^^^^^^^^^^^^^^^^^^^^^^^^^^^^^^^^^^^^^^^^^^^^^^^^^^^^^^^^^^
  File "D:\Projects\Pro\revapp\apps\students\views.py", line 67, in generate_student_id_card
    qr_img_path = os.path.join(settings.STATIC_ROOT, 'qr_codes', f'qr_code_{student_id}.png')
                  ^^
NameError: name 'os' is not defined
ERROR 2024-03-09 23:27:03,350 "GET /student/generate_student_id_card/1/ HTTP/1.1" 500 70984
INFO 2024-03-09 23:27:14,616 D:\Projects\Pro\revapp\apps\students\views.py changed, reloading.
INFO 2024-03-09 23:27:16,199 Watching for file changes with StatReloader
ERROR 2024-03-09 23:27:17,284 Internal Server Error: /student/generate_student_id_card/1/
Traceback (most recent call last):
  File "D:\Projects\Pro\env\Lib\site-packages\django\core\handlers\exception.py", line 55, in inner
    response = get_response(request)
               ^^^^^^^^^^^^^^^^^^^^^
  File "D:\Projects\Pro\env\Lib\site-packages\django\core\handlers\base.py", line 197, in _get_response
    response = wrapped_callback(request, *callback_args, **callback_kwargs)
               ^^^^^^^^^^^^^^^^^^^^^^^^^^^^^^^^^^^^^^^^^^^^^^^^^^^^^^^^^^^^
  File "D:\Projects\Pro\revapp\apps\students\views.py", line 68, in generate_student_id_card
    qr_img_path = os.path.join(settings.STATIC_ROOT, 'qr_codes', f'qr_code_{student_id}.png')
                               ^^^^^^^^
NameError: name 'settings' is not defined
ERROR 2024-03-09 23:27:17,287 "GET /student/generate_student_id_card/1/ HTTP/1.1" 500 71183
INFO 2024-03-09 23:27:49,366 D:\Projects\Pro\revapp\apps\students\views.py changed, reloading.
INFO 2024-03-09 23:27:50,959 Watching for file changes with StatReloader
ERROR 2024-03-09 23:27:51,995 Internal Server Error: /student/generate_student_id_card/1/
Traceback (most recent call last):
  File "D:\Projects\Pro\env\Lib\site-packages\django\core\handlers\exception.py", line 55, in inner
    response = get_response(request)
               ^^^^^^^^^^^^^^^^^^^^^
  File "D:\Projects\Pro\env\Lib\site-packages\django\core\handlers\base.py", line 197, in _get_response
    response = wrapped_callback(request, *callback_args, **callback_kwargs)
               ^^^^^^^^^^^^^^^^^^^^^^^^^^^^^^^^^^^^^^^^^^^^^^^^^^^^^^^^^^^^
  File "D:\Projects\Pro\revapp\apps\students\views.py", line 70, in generate_student_id_card
    qr_img.save(qr_img_path)
  File "D:\Projects\Pro\env\Lib\site-packages\qrcode\image\pil.py", line 51, in save
    self._img.save(stream, format=format, **kwargs)
  File "D:\Projects\Pro\env\Lib\site-packages\PIL\Image.py", line 2436, in save
    fp = builtins.open(filename, "w+b")
         ^^^^^^^^^^^^^^^^^^^^^^^^^^^^^^
FileNotFoundError: [Errno 2] No such file or directory: 'D:\\Projects\\Pro\\revapp\\staticfiles\\qr_codes\\qr_code_1.png'
ERROR 2024-03-09 23:27:52,003 "GET /student/generate_student_id_card/1/ HTTP/1.1" 500 80825
INFO 2024-03-09 23:28:59,144 D:\Projects\Pro\revapp\apps\students\views.py changed, reloading.
INFO 2024-03-09 23:29:00,828 Watching for file changes with StatReloader
ERROR 2024-03-09 23:29:02,156 Internal Server Error: /student/generate_student_id_card/1/
Traceback (most recent call last):
  File "D:\Projects\Pro\env\Lib\site-packages\django\core\handlers\exception.py", line 55, in inner
    response = get_response(request)
               ^^^^^^^^^^^^^^^^^^^^^
  File "D:\Projects\Pro\env\Lib\site-packages\django\core\handlers\base.py", line 197, in _get_response
    response = wrapped_callback(request, *callback_args, **callback_kwargs)
               ^^^^^^^^^^^^^^^^^^^^^^^^^^^^^^^^^^^^^^^^^^^^^^^^^^^^^^^^^^^^
  File "D:\Projects\Pro\revapp\apps\students\views.py", line 69, in generate_student_id_card
    qr_img_path = os.path.join(settings.STATICFILES_DIRS, 'qr_codes', f'qr_code_{student_id}.png')
                  ^^^^^^^^^^^^^^^^^^^^^^^^^^^^^^^^^^^^^^^^^^^^^^^^^^^^^^^^^^^^^^^^^^^^^^^^^^^^^^^^
  File "<frozen ntpath>", line 108, in join
TypeError: expected str, bytes or os.PathLike object, not tuple
ERROR 2024-03-09 23:29:02,160 "GET /student/generate_student_id_card/1/ HTTP/1.1" 500 72828
INFO 2024-03-09 23:29:30,508 D:\Projects\Pro\revapp\apps\students\views.py changed, reloading.
INFO 2024-03-09 23:29:32,636 Watching for file changes with StatReloader
INFO 2024-03-09 23:29:37,055 D:\Projects\Pro\revapp\csc_app\settings.py changed, reloading.
INFO 2024-03-09 23:29:38,632 Watching for file changes with StatReloader
INFO 2024-03-09 23:29:55,155 D:\Projects\Pro\revapp\csc_app\settings.py changed, reloading.
INFO 2024-03-09 23:29:56,658 Watching for file changes with StatReloader
ERROR 2024-03-09 23:29:57,562 Internal Server Error: /student/generate_student_id_card/1/
Traceback (most recent call last):
  File "D:\Projects\Pro\env\Lib\site-packages\django\core\handlers\exception.py", line 55, in inner
    response = get_response(request)
               ^^^^^^^^^^^^^^^^^^^^^
  File "D:\Projects\Pro\env\Lib\site-packages\django\core\handlers\base.py", line 197, in _get_response
    response = wrapped_callback(request, *callback_args, **callback_kwargs)
               ^^^^^^^^^^^^^^^^^^^^^^^^^^^^^^^^^^^^^^^^^^^^^^^^^^^^^^^^^^^^
  File "D:\Projects\Pro\revapp\apps\students\views.py", line 70, in generate_student_id_card
    qr_img.save(qr_img_path)
  File "D:\Projects\Pro\env\Lib\site-packages\qrcode\image\pil.py", line 51, in save
    self._img.save(stream, format=format, **kwargs)
  File "D:\Projects\Pro\env\Lib\site-packages\PIL\Image.py", line 2436, in save
    fp = builtins.open(filename, "w+b")
         ^^^^^^^^^^^^^^^^^^^^^^^^^^^^^^
FileNotFoundError: [Errno 2] No such file or directory: 'D:\\Projects\\Pro\\revapp\\staticfiles\\qr_codes\\qr_code_1.png'
ERROR 2024-03-09 23:29:57,567 "GET /student/generate_student_id_card/1/ HTTP/1.1" 500 80825
INFO 2024-03-09 23:30:41,629 D:\Projects\Pro\revapp\apps\students\views.py changed, reloading.
INFO 2024-03-09 23:30:43,223 Watching for file changes with StatReloader
ERROR 2024-03-09 23:30:44,330 Internal Server Error: /student/generate_student_id_card/1/
Traceback (most recent call last):
  File "D:\Projects\Pro\env\Lib\site-packages\django\core\handlers\exception.py", line 55, in inner
    response = get_response(request)
               ^^^^^^^^^^^^^^^^^^^^^
  File "D:\Projects\Pro\env\Lib\site-packages\django\core\handlers\base.py", line 197, in _get_response
    response = wrapped_callback(request, *callback_args, **callback_kwargs)
               ^^^^^^^^^^^^^^^^^^^^^^^^^^^^^^^^^^^^^^^^^^^^^^^^^^^^^^^^^^^^
  File "D:\Projects\Pro\revapp\apps\students\views.py", line 70, in generate_student_id_card
    qr_img.save(qr_img_path)
  File "D:\Projects\Pro\env\Lib\site-packages\qrcode\image\pil.py", line 51, in save
    self._img.save(stream, format=format, **kwargs)
  File "D:\Projects\Pro\env\Lib\site-packages\PIL\Image.py", line 2436, in save
    fp = builtins.open(filename, "w+b")
         ^^^^^^^^^^^^^^^^^^^^^^^^^^^^^^
FileNotFoundError: [Errno 2] No such file or directory: 'D:\\Projects\\Pro\\revapp\\static\\qr_codes\\qr_code_1.png'
ERROR 2024-03-09 23:30:44,338 "GET /student/generate_student_id_card/1/ HTTP/1.1" 500 80821
INFO 2024-03-09 23:31:01,665 "GET /student/generate_student_id_card/1/ HTTP/1.1" 200 1903
INFO 2024-03-09 23:31:05,701 "GET /student/generate_student_id_card/1/ HTTP/1.1" 200 1903
INFO 2024-03-09 23:32:13,353 "GET /student/1/update/ HTTP/1.1" 200 19326
INFO 2024-03-09 23:32:20,711 "POST /student/1/update/ HTTP/1.1" 302 0
INFO 2024-03-09 23:32:20,856 "GET /student/1/ HTTP/1.1" 200 14490
INFO 2024-03-09 23:32:21,182 "GET /media/students/passports/photo_2023-11-04_00-25-17-PhotoRoom.png-PhotoRoom_hcYMFeZ.png HTTP/1.1" 200 459177
INFO 2024-03-09 23:32:22,548 "GET /student/generate_student_id_card/1/ HTTP/1.1" 200 27610
INFO 2024-03-09 23:36:34,853 D:\Projects\Pro\revapp\apps\students\views.py changed, reloading.
INFO 2024-03-09 23:36:36,487 Watching for file changes with StatReloader
INFO 2024-03-09 23:36:37,706 "GET /student/1/ HTTP/1.1" 200 14347
INFO 2024-03-09 23:36:39,543 "GET /student/generate_student_id_card/1/ HTTP/1.1" 200 27607
INFO 2024-03-09 23:37:58,050 D:\Projects\Pro\revapp\apps\students\views.py changed, reloading.
INFO 2024-03-09 23:37:59,629 Watching for file changes with StatReloader
INFO 2024-03-09 23:38:00,663 "GET /student/generate_student_id_card/1/ HTTP/1.1" 200 27609
INFO 2024-03-09 23:38:14,428 D:\Projects\Pro\revapp\apps\students\views.py changed, reloading.
INFO 2024-03-09 23:38:15,806 Watching for file changes with StatReloader
INFO 2024-03-09 23:38:19,542 "GET /student/generate_student_id_card/1/ HTTP/1.1" 200 27609
INFO 2024-03-09 23:38:31,032 D:\Projects\Pro\revapp\apps\students\views.py changed, reloading.
INFO 2024-03-09 23:38:32,527 Watching for file changes with StatReloader
INFO 2024-03-09 23:38:33,531 "GET /student/generate_student_id_card/1/ HTTP/1.1" 200 27605
INFO 2024-03-09 23:38:53,700 D:\Projects\Pro\revapp\apps\students\views.py changed, reloading.
INFO 2024-03-09 23:38:55,537 Watching for file changes with StatReloader
INFO 2024-03-09 23:38:56,671 "GET /student/generate_student_id_card/1/ HTTP/1.1" 200 27601
INFO 2024-03-09 23:39:17,055 D:\Projects\Pro\revapp\apps\students\views.py changed, reloading.
INFO 2024-03-09 23:39:18,624 Watching for file changes with StatReloader
INFO 2024-03-09 23:39:19,673 "GET /student/generate_student_id_card/1/ HTTP/1.1" 200 27609
INFO 2024-03-09 23:45:54,112 D:\Projects\Pro\revapp\apps\students\views.py changed, reloading.
INFO 2024-03-09 23:45:55,803 Watching for file changes with StatReloader
INFO 2024-03-09 23:45:59,486 D:\Projects\Pro\revapp\apps\students\views.py changed, reloading.
INFO 2024-03-09 23:46:00,896 Watching for file changes with StatReloader
INFO 2024-03-09 23:46:04,968 "GET /student/generate_student_id_card/1/ HTTP/1.1" 200 20016
INFO 2024-03-09 23:47:37,841 D:\Projects\Pro\revapp\apps\students\views.py changed, reloading.
INFO 2024-03-09 23:47:39,525 Watching for file changes with StatReloader
INFO 2024-03-09 23:47:40,609 "GET /student/generate_student_id_card/1/ HTTP/1.1" 200 41569
INFO 2024-03-09 23:48:37,538 D:\Projects\Pro\revapp\apps\students\views.py changed, reloading.
INFO 2024-03-09 23:48:39,093 Watching for file changes with StatReloader
INFO 2024-03-09 23:48:40,272 "GET /student/generate_student_id_card/1/ HTTP/1.1" 200 41569
INFO 2024-03-09 23:49:21,186 D:\Projects\Pro\revapp\apps\students\views.py changed, reloading.
INFO 2024-03-09 23:49:22,820 Watching for file changes with StatReloader
INFO 2024-03-09 23:49:23,975 "GET /student/generate_student_id_card/1/ HTTP/1.1" 200 41567
INFO 2024-03-09 23:49:35,400 D:\Projects\Pro\revapp\apps\students\views.py changed, reloading.
INFO 2024-03-09 23:49:37,124 Watching for file changes with StatReloader
INFO 2024-03-09 23:49:38,280 "GET /student/generate_student_id_card/1/ HTTP/1.1" 200 41566
INFO 2024-03-09 23:49:46,259 D:\Projects\Pro\revapp\apps\students\views.py changed, reloading.
INFO 2024-03-09 23:49:48,013 Watching for file changes with StatReloader
INFO 2024-03-09 23:49:49,185 "GET /student/generate_student_id_card/1/ HTTP/1.1" 200 41567
INFO 2024-03-09 23:49:58,034 D:\Projects\Pro\revapp\apps\students\views.py changed, reloading.
INFO 2024-03-09 23:49:59,769 Watching for file changes with StatReloader
INFO 2024-03-09 23:50:01,011 "GET /student/generate_student_id_card/1/ HTTP/1.1" 200 41565
INFO 2024-03-09 23:50:31,119 D:\Projects\Pro\revapp\apps\students\views.py changed, reloading.
INFO 2024-03-09 23:50:32,796 Watching for file changes with StatReloader
INFO 2024-03-09 23:50:33,866 "GET /student/generate_student_id_card/1/ HTTP/1.1" 200 41564
INFO 2024-03-09 23:51:34,831 D:\Projects\Pro\revapp\apps\students\views.py changed, reloading.
INFO 2024-03-09 23:51:36,589 Watching for file changes with StatReloader
INFO 2024-03-09 23:51:38,906 "GET /student/generate_student_id_card/1/ HTTP/1.1" 200 41565
INFO 2024-03-09 23:52:41,092 D:\Projects\Pro\revapp\apps\students\views.py changed, reloading.
INFO 2024-03-09 23:52:42,598 Watching for file changes with StatReloader
INFO 2024-03-09 23:52:43,661 "GET /student/generate_student_id_card/1/ HTTP/1.1" 200 41564
INFO 2024-03-09 23:53:02,533 D:\Projects\Pro\revapp\apps\students\views.py changed, reloading.
INFO 2024-03-09 23:53:04,017 Watching for file changes with StatReloader
INFO 2024-03-09 23:53:05,176 "GET /student/generate_student_id_card/1/ HTTP/1.1" 200 41566
INFO 2024-03-09 23:53:23,423 D:\Projects\Pro\revapp\apps\students\views.py changed, reloading.
INFO 2024-03-09 23:53:24,980 Watching for file changes with StatReloader
INFO 2024-03-09 23:53:26,517 "GET /student/generate_student_id_card/1/ HTTP/1.1" 200 41565
INFO 2024-03-09 23:53:35,600 D:\Projects\Pro\revapp\apps\students\views.py changed, reloading.
INFO 2024-03-09 23:53:37,257 Watching for file changes with StatReloader
INFO 2024-03-09 23:53:39,472 "GET /student/generate_student_id_card/1/ HTTP/1.1" 200 41565
INFO 2024-03-09 23:53:55,074 D:\Projects\Pro\revapp\apps\students\views.py changed, reloading.
INFO 2024-03-09 23:53:56,496 Watching for file changes with StatReloader
INFO 2024-03-09 23:53:57,720 "GET /student/generate_student_id_card/1/ HTTP/1.1" 200 41564
INFO 2024-03-09 23:54:05,808 D:\Projects\Pro\revapp\apps\students\views.py changed, reloading.
INFO 2024-03-09 23:54:07,553 Watching for file changes with StatReloader
INFO 2024-03-09 23:54:08,582 "GET /student/generate_student_id_card/1/ HTTP/1.1" 200 41567
INFO 2024-03-09 23:54:17,073 D:\Projects\Pro\revapp\apps\students\views.py changed, reloading.
INFO 2024-03-09 23:54:18,633 Watching for file changes with StatReloader
INFO 2024-03-09 23:54:21,026 "GET /student/generate_student_id_card/1/ HTTP/1.1" 200 41567
INFO 2024-03-09 23:54:38,364 D:\Projects\Pro\revapp\apps\students\views.py changed, reloading.
INFO 2024-03-09 23:54:39,915 Watching for file changes with StatReloader
INFO 2024-03-09 23:54:41,007 "GET /student/generate_student_id_card/1/ HTTP/1.1" 200 41566
INFO 2024-03-09 23:55:01,954 D:\Projects\Pro\revapp\apps\students\views.py changed, reloading.
INFO 2024-03-09 23:55:03,431 Watching for file changes with StatReloader
INFO 2024-03-09 23:55:04,568 "GET /student/generate_student_id_card/1/ HTTP/1.1" 200 41567
INFO 2024-03-09 23:55:16,876 D:\Projects\Pro\revapp\apps\students\views.py changed, reloading.
INFO 2024-03-09 23:55:18,296 Watching for file changes with StatReloader
INFO 2024-03-09 23:55:19,397 "GET /student/generate_student_id_card/1/ HTTP/1.1" 200 41567
INFO 2024-03-09 23:55:28,440 D:\Projects\Pro\revapp\apps\students\views.py changed, reloading.
INFO 2024-03-09 23:55:30,043 Watching for file changes with StatReloader
INFO 2024-03-09 23:55:31,439 "GET /student/generate_student_id_card/1/ HTTP/1.1" 200 41567
INFO 2024-03-09 23:55:39,313 D:\Projects\Pro\revapp\apps\students\views.py changed, reloading.
INFO 2024-03-09 23:55:41,070 Watching for file changes with StatReloader
INFO 2024-03-09 23:55:42,314 "GET /student/generate_student_id_card/1/ HTTP/1.1" 200 41567
INFO 2024-03-09 23:55:52,672 D:\Projects\Pro\revapp\apps\students\views.py changed, reloading.
INFO 2024-03-09 23:55:54,356 Watching for file changes with StatReloader
INFO 2024-03-09 23:55:55,490 "GET /student/generate_student_id_card/1/ HTTP/1.1" 200 41567
INFO 2024-03-09 23:56:01,301 D:\Projects\Pro\revapp\apps\students\views.py changed, reloading.
INFO 2024-03-09 23:56:03,079 Watching for file changes with StatReloader
INFO 2024-03-09 23:56:04,133 "GET /student/generate_student_id_card/1/ HTTP/1.1" 200 41567
INFO 2024-03-09 23:56:09,911 D:\Projects\Pro\revapp\apps\students\views.py changed, reloading.
INFO 2024-03-09 23:56:11,359 Watching for file changes with StatReloader
INFO 2024-03-09 23:56:12,370 "GET /student/generate_student_id_card/1/ HTTP/1.1" 200 41567
INFO 2024-03-09 23:56:44,226 D:\Projects\Pro\revapp\apps\students\views.py changed, reloading.
INFO 2024-03-09 23:56:46,128 Watching for file changes with StatReloader
INFO 2024-03-09 23:56:48,236 "GET /student/generate_student_id_card/1/ HTTP/1.1" 200 41566
INFO 2024-03-09 23:57:01,073 D:\Projects\Pro\revapp\apps\students\views.py changed, reloading.
INFO 2024-03-09 23:57:02,524 Watching for file changes with StatReloader
INFO 2024-03-09 23:57:03,686 "GET /student/generate_student_id_card/1/ HTTP/1.1" 200 41567
INFO 2024-03-09 23:57:11,695 D:\Projects\Pro\revapp\apps\students\views.py changed, reloading.
INFO 2024-03-09 23:57:13,363 Watching for file changes with StatReloader
INFO 2024-03-09 23:57:15,511 "GET /student/generate_student_id_card/1/ HTTP/1.1" 200 41569
INFO 2024-03-09 23:57:24,166 D:\Projects\Pro\revapp\apps\students\views.py changed, reloading.
INFO 2024-03-09 23:57:25,640 Watching for file changes with StatReloader
INFO 2024-03-09 23:57:26,862 "GET /student/generate_student_id_card/1/ HTTP/1.1" 200 41570
INFO 2024-03-09 23:59:44,589 D:\Projects\Pro\revapp\apps\students\views.py changed, reloading.
INFO 2024-03-09 23:59:46,344 Watching for file changes with StatReloader
INFO 2024-03-09 23:59:47,741 "GET /student/generate_student_id_card/1/ HTTP/1.1" 200 41562
INFO 2024-03-10 00:00:29,470 D:\Projects\Pro\revapp\apps\students\views.py changed, reloading.
INFO 2024-03-10 00:00:31,028 Watching for file changes with StatReloader
INFO 2024-03-10 00:00:31,988 "GET /student/generate_student_id_card/1/ HTTP/1.1" 200 41560
INFO 2024-03-10 00:00:59,796 "GET /student/generate_student_id_card/1/ HTTP/1.1" 200 41560
INFO 2024-03-10 00:02:36,272 D:\Projects\Pro\revapp\apps\students\views.py changed, reloading.
INFO 2024-03-10 00:02:37,922 Watching for file changes with StatReloader
INFO 2024-03-10 00:02:38,968 "GET /student/generate_student_id_card/1/ HTTP/1.1" 200 41560
INFO 2024-03-10 00:03:00,993 "GET /public/student/1/ HTTP/1.1" 200 7607
INFO 2024-03-10 00:03:01,147 "GET /media/students/passports/photo_2023-11-04_00-25-17-PhotoRoom.png-PhotoRoom_hcYMFeZ.png HTTP/1.1" 304 0
INFO 2024-03-10 00:03:21,575 "GET /public/student/1/ HTTP/1.1" 200 7607
INFO 2024-03-10 00:03:45,135 D:\Projects\Pro\revapp\apps\students\views.py changed, reloading.
INFO 2024-03-10 00:03:46,789 Watching for file changes with StatReloader
INFO 2024-03-10 00:05:07,431 D:\Projects\Pro\revapp\apps\students\views.py changed, reloading.
INFO 2024-03-10 00:05:09,118 Watching for file changes with StatReloader
INFO 2024-03-10 00:05:10,267 "GET /student/1/ HTTP/1.1" 200 14347
INFO 2024-03-10 00:05:10,327 "GET /static/plugins/fontawesome-free/css/all.min.css HTTP/1.1" 304 0
INFO 2024-03-10 00:05:10,335 "GET /static/plugins/toastr/toastr.min.css HTTP/1.1" 304 0
INFO 2024-03-10 00:05:10,339 "GET /static/plugins/jquery/jquery.min.js HTTP/1.1" 304 0
INFO 2024-03-10 00:05:10,342 "GET /static/plugins/overlayScrollbars/css/OverlayScrollbars.min.css HTTP/1.1" 304 0
INFO 2024-03-10 00:05:10,345 "GET /static/plugins/Datatables/datatables.min.css HTTP/1.1" 304 0
INFO 2024-03-10 00:05:10,345 "GET /static/dist/js/jquery.formset.js HTTP/1.1" 304 0
INFO 2024-03-10 00:05:10,345 "GET /static/dist/css/adminlte.min.css HTTP/1.1" 304 0
INFO 2024-03-10 00:05:10,360 "GET /static/plugins/bootstrap/js/bootstrap.bundle.min.js HTTP/1.1" 304 0
INFO 2024-03-10 00:05:10,369 "GET /static/plugins/toastr/toastr.min.js HTTP/1.1" 304 0
INFO 2024-03-10 00:05:10,411 "GET /static/dist/js/adminlte.js HTTP/1.1" 304 0
INFO 2024-03-10 00:05:10,411 "GET /static/dist/js/demo.js HTTP/1.1" 304 0
INFO 2024-03-10 00:05:10,413 "GET /static/plugins/overlayScrollbars/js/jquery.overlayScrollbars.min.js HTTP/1.1" 304 0
INFO 2024-03-10 00:05:10,414 "GET /static/plugins/Datatables/datatables.min.js HTTP/1.1" 304 0
INFO 2024-03-10 00:05:10,445 "GET /static/plugins/fontawesome-free/webfonts/fa-regular-400.woff2 HTTP/1.1" 304 0
INFO 2024-03-10 00:05:10,445 "GET /static/plugins/fontawesome-free/webfonts/fa-solid-900.woff2 HTTP/1.1" 304 0
INFO 2024-03-10 00:05:11,475 "GET /student/generate_student_id_card/1/ HTTP/1.1" 200 41610
INFO 2024-03-10 00:07:46,135 D:\Projects\Pro\revapp\apps\students\views.py changed, reloading.
INFO 2024-03-10 00:07:47,603 Watching for file changes with StatReloader
INFO 2024-03-10 00:07:48,632 "GET /student/generate_student_id_card/1/ HTTP/1.1" 200 41562
INFO 2024-03-10 00:08:34,540 "GET / HTTP/1.1" 302 0
INFO 2024-03-10 00:08:36,335 "GET /accounts/login/ HTTP/1.1" 200 3819
INFO 2024-03-10 00:08:36,429 "GET /static/dist/css/login-page.css HTTP/1.1" 304 0
INFO 2024-03-10 00:08:36,448 "GET /static/dist/img/login.png HTTP/1.1" 304 0
INFO 2024-03-10 00:08:36,668 "GET /favicon.ico HTTP/1.1" 302 0
INFO 2024-03-10 00:08:36,691 "GET /accounts/login/ HTTP/1.1" 200 3819
INFO 2024-03-10 00:08:43,006 "POST /accounts/login/ HTTP/1.1" 302 0
INFO 2024-03-10 00:08:43,080 "GET / HTTP/1.1" 200 13663
INFO 2024-03-10 00:08:45,651 "GET /student/ HTTP/1.1" 200 14691
INFO 2024-03-10 00:08:47,711 "GET /student/list HTTP/1.1" 200 11014
INFO 2024-03-10 00:08:49,679 "GET /student/1/ HTTP/1.1" 200 14347
INFO 2024-03-10 00:08:50,147 "GET /media/students/passports/photo_2023-11-04_00-25-17-PhotoRoom.png-PhotoRoom_hcYMFeZ.png HTTP/1.1" 200 459177
INFO 2024-03-10 00:08:51,660 "GET /student/generate_student_id_card/1/ HTTP/1.1" 200 41562
WARNING 2024-03-10 00:08:51,867 Not Found: /favicon.ico
WARNING 2024-03-10 00:08:51,868 "GET /favicon.ico HTTP/1.1" 404 9105
INFO 2024-03-10 00:09:03,647 "GET /public/student/1/ HTTP/1.1" 200 7607
INFO 2024-03-10 00:15:44,729 "GET /student/ HTTP/1.1" 200 14691
INFO 2024-03-10 00:15:47,144 "GET /student/select_enquiry/ HTTP/1.1" 200 11733
INFO 2024-03-10 00:15:50,684 "GET /student/list HTTP/1.1" 200 11014
INFO 2024-03-10 00:15:52,326 "GET /student/1/ HTTP/1.1" 200 14347
INFO 2024-03-10 00:15:52,466 "GET /media/students/passports/photo_2023-11-04_00-25-17-PhotoRoom.png-PhotoRoom_hcYMFeZ.png HTTP/1.1" 304 0
INFO 2024-03-10 00:15:56,381 "GET /staff/list/ HTTP/1.1" 200 10977
INFO 2024-03-10 00:15:59,808 "GET /student/ HTTP/1.1" 200 14691
INFO 2024-03-10 00:16:01,606 "GET /enquiry/list HTTP/1.1" 200 11132
INFO 2024-03-10 00:16:03,822 "GET /enquiry/create/ HTTP/1.1" 200 23407
INFO 2024-03-10 13:41:29,840 Watching for file changes with StatReloader
INFO 2024-03-10 13:41:46,748 "GET / HTTP/1.1" 302 0
INFO 2024-03-10 13:41:48,650 "GET /accounts/login/ HTTP/1.1" 200 3819
INFO 2024-03-10 13:41:48,736 "GET /static/plugins/fontawesome-free/css/all.min.css HTTP/1.1" 304 0
INFO 2024-03-10 13:41:48,742 "GET /static/plugins/toastr/toastr.min.css HTTP/1.1" 304 0
INFO 2024-03-10 13:41:48,744 "GET /static/plugins/overlayScrollbars/css/OverlayScrollbars.min.css HTTP/1.1" 304 0
INFO 2024-03-10 13:41:48,746 "GET /static/dist/css/login-page.css HTTP/1.1" 304 0
INFO 2024-03-10 13:41:48,748 "GET /static/dist/css/adminlte.min.css HTTP/1.1" 304 0
INFO 2024-03-10 13:41:48,757 "GET /static/plugins/jquery/jquery.min.js HTTP/1.1" 304 0
INFO 2024-03-10 13:41:48,757 "GET /static/dist/img/login.png HTTP/1.1" 304 0
INFO 2024-03-10 13:41:48,820 "GET /static/plugins/overlayScrollbars/js/jquery.overlayScrollbars.min.js HTTP/1.1" 304 0
INFO 2024-03-10 13:41:48,820 "GET /static/dist/js/jquery.formset.js HTTP/1.1" 304 0
INFO 2024-03-10 13:41:48,823 "GET /static/plugins/toastr/toastr.min.js HTTP/1.1" 304 0
INFO 2024-03-10 13:41:48,823 "GET /static/plugins/bootstrap/js/bootstrap.bundle.min.js HTTP/1.1" 304 0
INFO 2024-03-10 13:41:48,825 "GET /static/dist/js/demo.js HTTP/1.1" 304 0
INFO 2024-03-10 13:41:48,831 "GET /static/dist/js/adminlte.js HTTP/1.1" 304 0
INFO 2024-03-10 13:41:48,979 "GET /static/plugins/fontawesome-free/webfonts/fa-solid-900.woff2 HTTP/1.1" 304 0
INFO 2024-03-10 13:41:49,116 "GET /favicon.ico HTTP/1.1" 302 0
INFO 2024-03-10 13:41:49,140 "GET /accounts/login/ HTTP/1.1" 200 3819
INFO 2024-03-10 13:41:57,113 "POST /accounts/login/ HTTP/1.1" 302 0
INFO 2024-03-10 13:41:57,196 "GET / HTTP/1.1" 200 13663
INFO 2024-03-10 13:41:57,393 "GET /static/plugins/Datatables/datatables.min.css HTTP/1.1" 304 0
INFO 2024-03-10 13:41:57,398 "GET /static/plugins/Datatables/datatables.min.js HTTP/1.1" 304 0
INFO 2024-03-10 13:41:57,578 "GET /static/plugins/fontawesome-free/webfonts/fa-regular-400.woff2 HTTP/1.1" 304 0
INFO 2024-03-10 13:56:47,356 Watching for file changes with StatReloader
INFO 2024-03-10 13:56:50,606 "GET / HTTP/1.1" 302 0
INFO 2024-03-10 13:56:50,667 "GET /accounts/login/ HTTP/1.1" 200 3819
INFO 2024-03-10 13:56:50,974 "GET /favicon.ico HTTP/1.1" 302 0
INFO 2024-03-10 13:56:51,005 "GET /accounts/login/ HTTP/1.1" 200 3819
INFO 2024-03-10 13:56:59,303 "POST /accounts/login/ HTTP/1.1" 302 0
INFO 2024-03-10 13:56:59,373 "GET / HTTP/1.1" 200 13655
INFO 2024-03-10 13:57:01,070 "GET /student/ HTTP/1.1" 200 14691
INFO 2024-03-10 13:57:02,829 "GET /enquiry/list HTTP/1.1" 200 10832
INFO 2024-03-10 13:57:04,374 "GET /enquiry/create/ HTTP/1.1" 200 23408
INFO 2024-03-10 13:59:02,422 D:\Projects\Pro\revapp\apps\enquiry\forms.py changed, reloading.
INFO 2024-03-10 13:59:03,801 Watching for file changes with StatReloader
INFO 2024-03-10 13:59:10,995 D:\Projects\Pro\revapp\apps\enquiry\forms.py changed, reloading.
INFO 2024-03-10 13:59:12,498 Watching for file changes with StatReloader
INFO 2024-03-10 13:59:15,155 "GET /enquiry/create/ HTTP/1.1" 200 23792
INFO 2024-03-10 13:59:31,417 "GET /batches/ HTTP/1.1" 200 10881
INFO 2024-03-10 13:59:34,413 "GET /staff/list/ HTTP/1.1" 200 10746
INFO 2024-03-10 13:59:35,940 "GET /staff/create/ HTTP/1.1" 200 18353
INFO 2024-03-10 14:00:32,412 "POST /staff/create/ HTTP/1.1" 302 0
INFO 2024-03-10 14:00:32,500 "GET /staff/1/ HTTP/1.1" 200 15627
INFO 2024-03-10 14:00:32,558 "GET /static/dist/img/avatar.png HTTP/1.1" 304 0
INFO 2024-03-10 14:00:39,775 "GET /course/ HTTP/1.1" 200 10734
INFO 2024-03-10 14:00:41,253 "GET /course/create/ HTTP/1.1" 200 12129
INFO 2024-03-10 14:00:50,474 "POST /course/create/ HTTP/1.1" 302 0
INFO 2024-03-10 14:00:50,562 "GET /course/ HTTP/1.1" 200 10941
INFO 2024-03-10 14:00:53,930 "GET /student/ HTTP/1.1" 200 14691
INFO 2024-03-10 14:00:55,830 "GET /site-config HTTP/1.1" 200 11163
INFO 2024-03-10 14:00:58,307 "GET /subject/list/ HTTP/1.1" 200 12093
INFO 2024-03-10 14:01:03,468 "POST /subject/create/ HTTP/1.1" 302 0
INFO 2024-03-10 14:01:03,542 "GET /subject/list/ HTTP/1.1" 200 12520
INFO 2024-03-10 14:01:06,514 "GET /book/list/ HTTP/1.1" 200 11783
INFO 2024-03-10 14:01:10,394 "POST /book/create/ HTTP/1.1" 302 0
INFO 2024-03-10 14:01:10,485 "GET /book/list/ HTTP/1.1" 200 12203
INFO 2024-03-10 14:01:14,374 "GET /exam/list/ HTTP/1.1" 200 12427
INFO 2024-03-10 14:01:20,827 "POST /exam/create/ HTTP/1.1" 302 0
INFO 2024-03-10 14:01:20,924 "GET /exam/list/ HTTP/1.1" 200 12847
INFO 2024-03-10 14:01:22,528 "GET /student/ HTTP/1.1" 200 14691
INFO 2024-03-10 14:01:23,812 "GET /enquiry/list HTTP/1.1" 200 10832
INFO 2024-03-10 14:01:25,288 "GET /enquiry/create/ HTTP/1.1" 200 23865
INFO 2024-03-10 14:02:56,996 "GET /enquiry/create/ HTTP/1.1" 200 23865
INFO 2024-03-10 14:02:59,743 "GET /batches/ HTTP/1.1" 200 10881
INFO 2024-03-10 14:03:05,278 "GET /time/list/ HTTP/1.1" 200 11828
INFO 2024-03-10 14:03:08,841 "POST /time/create/ HTTP/1.1" 302 0
INFO 2024-03-10 14:03:08,927 "GET /time/list/ HTTP/1.1" 200 12251
INFO 2024-03-10 14:05:53,208 Watching for file changes with StatReloader
INFO 2024-03-10 14:06:02,914 "GET /enquiry/create/ HTTP/1.1" 200 23905
INFO 2024-03-10 14:06:22,854 D:\Projects\Pro\revapp\apps\enquiry\forms.py changed, reloading.
INFO 2024-03-10 14:06:24,465 Watching for file changes with StatReloader
INFO 2024-03-10 14:06:25,614 "GET /enquiry/create/ HTTP/1.1" 200 24280
INFO 2024-03-10 14:08:30,459 "POST /enquiry/create/ HTTP/1.1" 302 0
INFO 2024-03-10 14:08:30,642 "GET /enquiry/1/ HTTP/1.1" 200 13043
INFO 2024-03-10 15:08:59,760 Watching for file changes with StatReloader
INFO 2024-03-10 15:09:04,568 "GET /student/ HTTP/1.1" 200 14691
INFO 2024-03-10 15:09:04,699 "GET / HTTP/1.1" 200 13655
INFO 2024-03-10 15:09:07,503 "GET /student/ HTTP/1.1" 200 14691
INFO 2024-03-10 15:09:09,394 "GET /enquiry/list HTTP/1.1" 200 11115
INFO 2024-03-10 15:09:12,820 "GET /enquiry/create/ HTTP/1.1" 200 24271
INFO 2024-03-10 15:16:19,256 "POST /enquiry/create/ HTTP/1.1" 302 0
INFO 2024-03-10 15:16:19,378 "GET /enquiry/2/ HTTP/1.1" 200 13052
INFO 2024-03-10 15:16:28,566 "GET /enquiry/2/histroy HTTP/1.1" 200 12074
INFO 2024-03-10 15:17:12,871 "POST /enquiry/2/histroy HTTP/1.1" 302 0
INFO 2024-03-10 15:17:13,004 "GET /enquiry/2/ HTTP/1.1" 200 13705
INFO 2024-03-10 15:17:28,525 "GET /student/ HTTP/1.1" 200 14691
INFO 2024-03-10 15:17:30,707 "GET /student/list HTTP/1.1" 200 10732
INFO 2024-03-10 15:17:36,455 "GET /student/select_enquiry/ HTTP/1.1" 200 11852
INFO 2024-03-10 15:17:42,932 "POST /student/select_enquiry/ HTTP/1.1" 302 0
INFO 2024-03-10 15:17:43,137 "GET /student/create/2/ HTTP/1.1" 200 19486
